2020-04-23 03:03:23 startup archives unpack
2020-04-23 03:03:23 install libssl1.1:amd64 <none> 1.1.1d-0+deb10u3
2020-04-23 03:03:23 status triggers-pending libc-bin:amd64 2.28-10
2020-04-23 03:03:23 status half-installed libssl1.1:amd64 1.1.1d-0+deb10u3
2020-04-23 03:03:23 status unpacked libssl1.1:amd64 1.1.1d-0+deb10u3
2020-04-23 03:03:23 install libapr1:amd64 <none> 1.6.5-1+b1
2020-04-23 03:03:23 status half-installed libapr1:amd64 1.6.5-1+b1
2020-04-23 03:03:23 status unpacked libapr1:amd64 1.6.5-1+b1
2020-04-23 03:03:23 install libc-dev-bin:amd64 <none> 2.28-10
2020-04-23 03:03:23 status half-installed libc-dev-bin:amd64 2.28-10
2020-04-23 03:03:23 status unpacked libc-dev-bin:amd64 2.28-10
2020-04-23 03:03:23 install linux-libc-dev:amd64 <none> 4.19.98-1
2020-04-23 03:03:23 status half-installed linux-libc-dev:amd64 4.19.98-1
2020-04-23 03:03:23 status unpacked linux-libc-dev:amd64 4.19.98-1
2020-04-23 03:03:23 install libc6-dev:amd64 <none> 2.28-10
2020-04-23 03:03:23 status half-installed libc6-dev:amd64 2.28-10
2020-04-23 03:03:24 status unpacked libc6-dev:amd64 2.28-10
2020-04-23 03:03:24 install uuid-dev:amd64 <none> 2.33.1-0.1
2020-04-23 03:03:24 status half-installed uuid-dev:amd64 2.33.1-0.1
2020-04-23 03:03:24 status unpacked uuid-dev:amd64 2.33.1-0.1
2020-04-23 03:03:24 install libsctp1:amd64 <none> 1.0.18+dfsg-1
2020-04-23 03:03:24 status half-installed libsctp1:amd64 1.0.18+dfsg-1
2020-04-23 03:03:24 status unpacked libsctp1:amd64 1.0.18+dfsg-1
2020-04-23 03:03:24 install libsctp-dev:amd64 <none> 1.0.18+dfsg-1
2020-04-23 03:03:24 status half-installed libsctp-dev:amd64 1.0.18+dfsg-1
2020-04-23 03:03:24 status unpacked libsctp-dev:amd64 1.0.18+dfsg-1
2020-04-23 03:03:24 install libapr1-dev:amd64 <none> 1.6.5-1+b1
2020-04-23 03:03:24 status half-installed libapr1-dev:amd64 1.6.5-1+b1
2020-04-23 03:03:24 status unpacked libapr1-dev:amd64 1.6.5-1+b1
2020-04-23 03:03:24 install libexpat1:amd64 <none> 2.2.6-2+deb10u1
2020-04-23 03:03:24 status half-installed libexpat1:amd64 2.2.6-2+deb10u1
2020-04-23 03:03:25 status unpacked libexpat1:amd64 2.2.6-2+deb10u1
2020-04-23 03:03:25 install libgdbm6:amd64 <none> 1.18.1-4
2020-04-23 03:03:25 status half-installed libgdbm6:amd64 1.18.1-4
2020-04-23 03:03:25 status unpacked libgdbm6:amd64 1.18.1-4
2020-04-23 03:03:25 install libaprutil1:amd64 <none> 1.6.1-4
2020-04-23 03:03:25 status half-installed libaprutil1:amd64 1.6.1-4
2020-04-23 03:03:25 status unpacked libaprutil1:amd64 1.6.1-4
2020-04-23 03:03:25 install libsasl2-modules-db:amd64 <none> 2.1.27+dfsg-1+deb10u1
2020-04-23 03:03:25 status half-installed libsasl2-modules-db:amd64 2.1.27+dfsg-1+deb10u1
2020-04-23 03:03:25 status unpacked libsasl2-modules-db:amd64 2.1.27+dfsg-1+deb10u1
2020-04-23 03:03:25 install libsasl2-2:amd64 <none> 2.1.27+dfsg-1+deb10u1
2020-04-23 03:03:25 status half-installed libsasl2-2:amd64 2.1.27+dfsg-1+deb10u1
2020-04-23 03:03:25 status unpacked libsasl2-2:amd64 2.1.27+dfsg-1+deb10u1
2020-04-23 03:03:25 install libldap-common:all <none> 2.4.47+dfsg-3+deb10u1
2020-04-23 03:03:25 status half-installed libldap-common:all 2.4.47+dfsg-3+deb10u1
2020-04-23 03:03:25 status unpacked libldap-common:all 2.4.47+dfsg-3+deb10u1
2020-04-23 03:03:25 install libldap-2.4-2:amd64 <none> 2.4.47+dfsg-3+deb10u1
2020-04-23 03:03:25 status half-installed libldap-2.4-2:amd64 2.4.47+dfsg-3+deb10u1
2020-04-23 03:03:25 status unpacked libldap-2.4-2:amd64 2.4.47+dfsg-3+deb10u1
2020-04-23 03:03:25 install libldap2-dev:amd64 <none> 2.4.47+dfsg-3+deb10u1
2020-04-23 03:03:25 status half-installed libldap2-dev:amd64 2.4.47+dfsg-3+deb10u1
2020-04-23 03:03:25 status unpacked libldap2-dev:amd64 2.4.47+dfsg-3+deb10u1
2020-04-23 03:03:25 install libexpat1-dev:amd64 <none> 2.2.6-2+deb10u1
2020-04-23 03:03:25 status half-installed libexpat1-dev:amd64 2.2.6-2+deb10u1
2020-04-23 03:03:25 status unpacked libexpat1-dev:amd64 2.2.6-2+deb10u1
2020-04-23 03:03:25 install libaprutil1-dev:amd64 <none> 1.6.1-4
2020-04-23 03:03:25 status half-installed libaprutil1-dev:amd64 1.6.1-4
2020-04-23 03:03:25 status unpacked libaprutil1-dev:amd64 1.6.1-4
2020-04-23 03:03:25 install libaprutil1-ldap:amd64 <none> 1.6.1-4
2020-04-23 03:03:25 status half-installed libaprutil1-ldap:amd64 1.6.1-4
2020-04-23 03:03:25 status unpacked libaprutil1-ldap:amd64 1.6.1-4
2020-04-23 03:03:25 startup packages configure
2020-04-23 03:03:25 configure libexpat1:amd64 2.2.6-2+deb10u1 <none>
2020-04-23 03:03:25 status unpacked libexpat1:amd64 2.2.6-2+deb10u1
2020-04-23 03:03:25 status half-configured libexpat1:amd64 2.2.6-2+deb10u1
2020-04-23 03:03:25 status installed libexpat1:amd64 2.2.6-2+deb10u1
2020-04-23 03:03:25 configure libssl1.1:amd64 1.1.1d-0+deb10u3 <none>
2020-04-23 03:03:25 status unpacked libssl1.1:amd64 1.1.1d-0+deb10u3
2020-04-23 03:03:25 status half-configured libssl1.1:amd64 1.1.1d-0+deb10u3
2020-04-23 03:03:25 status installed libssl1.1:amd64 1.1.1d-0+deb10u3
2020-04-23 03:03:25 configure libapr1:amd64 1.6.5-1+b1 <none>
2020-04-23 03:03:25 status unpacked libapr1:amd64 1.6.5-1+b1
2020-04-23 03:03:25 status half-configured libapr1:amd64 1.6.5-1+b1
2020-04-23 03:03:25 status installed libapr1:amd64 1.6.5-1+b1
2020-04-23 03:03:25 configure linux-libc-dev:amd64 4.19.98-1 <none>
2020-04-23 03:03:25 status unpacked linux-libc-dev:amd64 4.19.98-1
2020-04-23 03:03:25 status half-configured linux-libc-dev:amd64 4.19.98-1
2020-04-23 03:03:25 status installed linux-libc-dev:amd64 4.19.98-1
2020-04-23 03:03:25 configure libldap-common:all 2.4.47+dfsg-3+deb10u1 <none>
2020-04-23 03:03:25 status unpacked libldap-common:all 2.4.47+dfsg-3+deb10u1
2020-04-23 03:03:25 status half-configured libldap-common:all 2.4.47+dfsg-3+deb10u1
2020-04-23 03:03:25 status installed libldap-common:all 2.4.47+dfsg-3+deb10u1
2020-04-23 03:03:25 configure libsasl2-modules-db:amd64 2.1.27+dfsg-1+deb10u1 <none>
2020-04-23 03:03:25 status unpacked libsasl2-modules-db:amd64 2.1.27+dfsg-1+deb10u1
2020-04-23 03:03:25 status half-configured libsasl2-modules-db:amd64 2.1.27+dfsg-1+deb10u1
2020-04-23 03:03:25 status installed libsasl2-modules-db:amd64 2.1.27+dfsg-1+deb10u1
2020-04-23 03:03:25 configure libsasl2-2:amd64 2.1.27+dfsg-1+deb10u1 <none>
2020-04-23 03:03:25 status unpacked libsasl2-2:amd64 2.1.27+dfsg-1+deb10u1
2020-04-23 03:03:26 status half-configured libsasl2-2:amd64 2.1.27+dfsg-1+deb10u1
2020-04-23 03:03:26 status installed libsasl2-2:amd64 2.1.27+dfsg-1+deb10u1
2020-04-23 03:03:26 configure libsctp1:amd64 1.0.18+dfsg-1 <none>
2020-04-23 03:03:26 status unpacked libsctp1:amd64 1.0.18+dfsg-1
2020-04-23 03:03:26 status half-configured libsctp1:amd64 1.0.18+dfsg-1
2020-04-23 03:03:26 status installed libsctp1:amd64 1.0.18+dfsg-1
2020-04-23 03:03:26 configure libc-dev-bin:amd64 2.28-10 <none>
2020-04-23 03:03:26 status unpacked libc-dev-bin:amd64 2.28-10
2020-04-23 03:03:26 status half-configured libc-dev-bin:amd64 2.28-10
2020-04-23 03:03:26 status installed libc-dev-bin:amd64 2.28-10
2020-04-23 03:03:26 configure libgdbm6:amd64 1.18.1-4 <none>
2020-04-23 03:03:26 status unpacked libgdbm6:amd64 1.18.1-4
2020-04-23 03:03:26 status half-configured libgdbm6:amd64 1.18.1-4
2020-04-23 03:03:26 status installed libgdbm6:amd64 1.18.1-4
2020-04-23 03:03:26 configure libaprutil1:amd64 1.6.1-4 <none>
2020-04-23 03:03:26 status unpacked libaprutil1:amd64 1.6.1-4
2020-04-23 03:03:26 status half-configured libaprutil1:amd64 1.6.1-4
2020-04-23 03:03:26 status installed libaprutil1:amd64 1.6.1-4
2020-04-23 03:03:26 configure libldap-2.4-2:amd64 2.4.47+dfsg-3+deb10u1 <none>
2020-04-23 03:03:26 status unpacked libldap-2.4-2:amd64 2.4.47+dfsg-3+deb10u1
2020-04-23 03:03:26 status half-configured libldap-2.4-2:amd64 2.4.47+dfsg-3+deb10u1
2020-04-23 03:03:26 status installed libldap-2.4-2:amd64 2.4.47+dfsg-3+deb10u1
2020-04-23 03:03:26 configure libaprutil1-ldap:amd64 1.6.1-4 <none>
2020-04-23 03:03:26 status unpacked libaprutil1-ldap:amd64 1.6.1-4
2020-04-23 03:03:26 status half-configured libaprutil1-ldap:amd64 1.6.1-4
2020-04-23 03:03:26 status installed libaprutil1-ldap:amd64 1.6.1-4
2020-04-23 03:03:26 configure libldap2-dev:amd64 2.4.47+dfsg-3+deb10u1 <none>
2020-04-23 03:03:26 status unpacked libldap2-dev:amd64 2.4.47+dfsg-3+deb10u1
2020-04-23 03:03:26 status half-configured libldap2-dev:amd64 2.4.47+dfsg-3+deb10u1
2020-04-23 03:03:26 status installed libldap2-dev:amd64 2.4.47+dfsg-3+deb10u1
2020-04-23 03:03:26 configure libc6-dev:amd64 2.28-10 <none>
2020-04-23 03:03:26 status unpacked libc6-dev:amd64 2.28-10
2020-04-23 03:03:26 status half-configured libc6-dev:amd64 2.28-10
2020-04-23 03:03:26 status installed libc6-dev:amd64 2.28-10
2020-04-23 03:03:26 configure libexpat1-dev:amd64 2.2.6-2+deb10u1 <none>
2020-04-23 03:03:26 status unpacked libexpat1-dev:amd64 2.2.6-2+deb10u1
2020-04-23 03:03:26 status half-configured libexpat1-dev:amd64 2.2.6-2+deb10u1
2020-04-23 03:03:26 status installed libexpat1-dev:amd64 2.2.6-2+deb10u1
2020-04-23 03:03:26 configure uuid-dev:amd64 2.33.1-0.1 <none>
2020-04-23 03:03:26 status unpacked uuid-dev:amd64 2.33.1-0.1
2020-04-23 03:03:26 status half-configured uuid-dev:amd64 2.33.1-0.1
2020-04-23 03:03:26 status installed uuid-dev:amd64 2.33.1-0.1
2020-04-23 03:03:26 configure libsctp-dev:amd64 1.0.18+dfsg-1 <none>
2020-04-23 03:03:26 status unpacked libsctp-dev:amd64 1.0.18+dfsg-1
2020-04-23 03:03:26 status half-configured libsctp-dev:amd64 1.0.18+dfsg-1
2020-04-23 03:03:26 status installed libsctp-dev:amd64 1.0.18+dfsg-1
2020-04-23 03:03:26 configure libapr1-dev:amd64 1.6.5-1+b1 <none>
2020-04-23 03:03:26 status unpacked libapr1-dev:amd64 1.6.5-1+b1
2020-04-23 03:03:26 status half-configured libapr1-dev:amd64 1.6.5-1+b1
2020-04-23 03:03:26 status installed libapr1-dev:amd64 1.6.5-1+b1
2020-04-23 03:03:26 configure libaprutil1-dev:amd64 1.6.1-4 <none>
2020-04-23 03:03:26 status unpacked libaprutil1-dev:amd64 1.6.1-4
2020-04-23 03:03:26 status half-configured libaprutil1-dev:amd64 1.6.1-4
2020-04-23 03:03:26 status installed libaprutil1-dev:amd64 1.6.1-4
2020-04-23 03:03:26 trigproc libc-bin:amd64 2.28-10 <none>
2020-04-23 03:03:26 status half-configured libc-bin:amd64 2.28-10
2020-04-23 03:03:26 status installed libc-bin:amd64 2.28-10
2020-04-23 03:03:36 startup archives unpack
2020-04-23 03:03:36 install perl-modules-5.28:all <none> 5.28.1-6
2020-04-23 03:03:36 status half-installed perl-modules-5.28:all 5.28.1-6
2020-04-23 03:03:37 status unpacked perl-modules-5.28:all 5.28.1-6
2020-04-23 03:03:37 install libgdbm-compat4:amd64 <none> 1.18.1-4
2020-04-23 03:03:37 status triggers-pending libc-bin:amd64 2.28-10
2020-04-23 03:03:37 status half-installed libgdbm-compat4:amd64 1.18.1-4
2020-04-23 03:03:37 status unpacked libgdbm-compat4:amd64 1.18.1-4
2020-04-23 03:03:37 install libperl5.28:amd64 <none> 5.28.1-6
2020-04-23 03:03:37 status half-installed libperl5.28:amd64 5.28.1-6
2020-04-23 03:03:38 status unpacked libperl5.28:amd64 5.28.1-6
2020-04-23 03:03:38 install perl:amd64 <none> 5.28.1-6
2020-04-23 03:03:38 status half-installed perl:amd64 5.28.1-6
2020-04-23 03:03:38 status unpacked perl:amd64 5.28.1-6
2020-04-23 03:03:38 install readline-common:all <none> 7.0-5
2020-04-23 03:03:38 status half-installed readline-common:all 7.0-5
2020-04-23 03:03:38 status unpacked readline-common:all 7.0-5
2020-04-23 03:03:38 install bzip2:amd64 <none> 1.0.6-9.2~deb10u1
2020-04-23 03:03:38 status half-installed bzip2:amd64 1.0.6-9.2~deb10u1
2020-04-23 03:03:38 status unpacked bzip2:amd64 1.0.6-9.2~deb10u1
2020-04-23 03:03:38 install libpcre2-8-0:amd64 <none> 10.32-5
2020-04-23 03:03:38 status half-installed libpcre2-8-0:amd64 10.32-5
2020-04-23 03:03:38 status unpacked libpcre2-8-0:amd64 10.32-5
2020-04-23 03:03:38 install libpsl5:amd64 <none> 0.20.2-2
2020-04-23 03:03:38 status half-installed libpsl5:amd64 0.20.2-2
2020-04-23 03:03:38 status unpacked libpsl5:amd64 0.20.2-2
2020-04-23 03:03:38 install wget:amd64 <none> 1.20.1-1.1
2020-04-23 03:03:38 status half-installed wget:amd64 1.20.1-1.1
2020-04-23 03:03:39 status unpacked wget:amd64 1.20.1-1.1
2020-04-23 03:03:39 install xz-utils:amd64 <none> 5.2.4-1
2020-04-23 03:03:39 status half-installed xz-utils:amd64 5.2.4-1
2020-04-23 03:03:39 status unpacked xz-utils:amd64 5.2.4-1
2020-04-23 03:03:39 install binutils-common:amd64 <none> 2.31.1-16
2020-04-23 03:03:39 status half-installed binutils-common:amd64 2.31.1-16
2020-04-23 03:03:39 status unpacked binutils-common:amd64 2.31.1-16
2020-04-23 03:03:39 install libbinutils:amd64 <none> 2.31.1-16
2020-04-23 03:03:39 status half-installed libbinutils:amd64 2.31.1-16
2020-04-23 03:03:39 status unpacked libbinutils:amd64 2.31.1-16
2020-04-23 03:03:39 install binutils-x86-64-linux-gnu:amd64 <none> 2.31.1-16
2020-04-23 03:03:39 status half-installed binutils-x86-64-linux-gnu:amd64 2.31.1-16
2020-04-23 03:03:40 status unpacked binutils-x86-64-linux-gnu:amd64 2.31.1-16
2020-04-23 03:03:40 install binutils:amd64 <none> 2.31.1-16
2020-04-23 03:03:40 status half-installed binutils:amd64 2.31.1-16
2020-04-23 03:03:40 status unpacked binutils:amd64 2.31.1-16
2020-04-23 03:03:40 install openssl:amd64 <none> 1.1.1d-0+deb10u3
2020-04-23 03:03:40 status half-installed openssl:amd64 1.1.1d-0+deb10u3
2020-04-23 03:03:40 status unpacked openssl:amd64 1.1.1d-0+deb10u3
2020-04-23 03:03:40 install ca-certificates:all <none> 20190110
2020-04-23 03:03:40 status half-installed ca-certificates:all 20190110
2020-04-23 03:03:40 status unpacked ca-certificates:all 20190110
2020-04-23 03:03:40 install libisl19:amd64 <none> 0.20-2
2020-04-23 03:03:40 status half-installed libisl19:amd64 0.20-2
2020-04-23 03:03:40 status unpacked libisl19:amd64 0.20-2
2020-04-23 03:03:40 install libmpfr6:amd64 <none> 4.0.2-1
2020-04-23 03:03:40 status half-installed libmpfr6:amd64 4.0.2-1
2020-04-23 03:03:40 status unpacked libmpfr6:amd64 4.0.2-1
2020-04-23 03:03:40 install libmpc3:amd64 <none> 1.1.0-1
2020-04-23 03:03:40 status half-installed libmpc3:amd64 1.1.0-1
2020-04-23 03:03:40 status unpacked libmpc3:amd64 1.1.0-1
2020-04-23 03:03:40 install cpp-8:amd64 <none> 8.3.0-6
2020-04-23 03:03:40 status half-installed cpp-8:amd64 8.3.0-6
2020-04-23 03:03:42 status unpacked cpp-8:amd64 8.3.0-6
2020-04-23 03:03:42 install cpp:amd64 <none> 4:8.3.0-1
2020-04-23 03:03:42 status half-installed cpp:amd64 4:8.3.0-1
2020-04-23 03:03:42 status unpacked cpp:amd64 4:8.3.0-1
2020-04-23 03:03:42 install libassuan0:amd64 <none> 2.5.2-1
2020-04-23 03:03:42 status half-installed libassuan0:amd64 2.5.2-1
2020-04-23 03:03:42 status unpacked libassuan0:amd64 2.5.2-1
2020-04-23 03:03:42 install libreadline7:amd64 <none> 7.0-5
2020-04-23 03:03:42 status half-installed libreadline7:amd64 7.0-5
2020-04-23 03:03:42 status unpacked libreadline7:amd64 7.0-5
2020-04-23 03:03:42 install gpgconf:amd64 <none> 2.2.12-1+deb10u1
2020-04-23 03:03:42 status half-installed gpgconf:amd64 2.2.12-1+deb10u1
2020-04-23 03:03:42 status unpacked gpgconf:amd64 2.2.12-1+deb10u1
2020-04-23 03:03:42 install lsb-base:all <none> 10.2019051400
2020-04-23 03:03:42 status half-installed lsb-base:all 10.2019051400
2020-04-23 03:03:42 status unpacked lsb-base:all 10.2019051400
2020-04-23 03:03:42 install libksba8:amd64 <none> 1.3.5-2
2020-04-23 03:03:42 status half-installed libksba8:amd64 1.3.5-2
2020-04-23 03:03:42 status unpacked libksba8:amd64 1.3.5-2
2020-04-23 03:03:42 install libnpth0:amd64 <none> 1.6-1
2020-04-23 03:03:42 status half-installed libnpth0:amd64 1.6-1
2020-04-23 03:03:42 status unpacked libnpth0:amd64 1.6-1
2020-04-23 03:03:42 install dirmngr:amd64 <none> 2.2.12-1+deb10u1
2020-04-23 03:03:42 status half-installed dirmngr:amd64 2.2.12-1+deb10u1
2020-04-23 03:03:42 status unpacked dirmngr:amd64 2.2.12-1+deb10u1
2020-04-23 03:03:42 install libdpkg-perl:all <none> 1.19.7
2020-04-23 03:03:42 status half-installed libdpkg-perl:all 1.19.7
2020-04-23 03:03:42 status unpacked libdpkg-perl:all 1.19.7
2020-04-23 03:03:42 install patch:amd64 <none> 2.7.6-3+deb10u1
2020-04-23 03:03:42 status half-installed patch:amd64 2.7.6-3+deb10u1
2020-04-23 03:03:42 status unpacked patch:amd64 2.7.6-3+deb10u1
2020-04-23 03:03:42 install make:amd64 <none> 4.2.1-1.2
2020-04-23 03:03:42 status half-installed make:amd64 4.2.1-1.2
2020-04-23 03:03:43 status unpacked make:amd64 4.2.1-1.2
2020-04-23 03:03:43 install dpkg-dev:all <none> 1.19.7
2020-04-23 03:03:43 status half-installed dpkg-dev:all 1.19.7
2020-04-23 03:03:43 status unpacked dpkg-dev:all 1.19.7
2020-04-23 03:03:43 install libcc1-0:amd64 <none> 8.3.0-6
2020-04-23 03:03:43 status half-installed libcc1-0:amd64 8.3.0-6
2020-04-23 03:03:43 status unpacked libcc1-0:amd64 8.3.0-6
2020-04-23 03:03:43 install libgomp1:amd64 <none> 8.3.0-6
2020-04-23 03:03:43 status half-installed libgomp1:amd64 8.3.0-6
2020-04-23 03:03:43 status unpacked libgomp1:amd64 8.3.0-6
2020-04-23 03:03:43 install libitm1:amd64 <none> 8.3.0-6
2020-04-23 03:03:43 status half-installed libitm1:amd64 8.3.0-6
2020-04-23 03:03:43 status unpacked libitm1:amd64 8.3.0-6
2020-04-23 03:03:43 install libatomic1:amd64 <none> 8.3.0-6
2020-04-23 03:03:43 status half-installed libatomic1:amd64 8.3.0-6
2020-04-23 03:03:43 status unpacked libatomic1:amd64 8.3.0-6
2020-04-23 03:03:43 install libasan5:amd64 <none> 8.3.0-6
2020-04-23 03:03:43 status half-installed libasan5:amd64 8.3.0-6
2020-04-23 03:03:43 status unpacked libasan5:amd64 8.3.0-6
2020-04-23 03:03:43 install liblsan0:amd64 <none> 8.3.0-6
2020-04-23 03:03:43 status half-installed liblsan0:amd64 8.3.0-6
2020-04-23 03:03:43 status unpacked liblsan0:amd64 8.3.0-6
2020-04-23 03:03:43 install libtsan0:amd64 <none> 8.3.0-6
2020-04-23 03:03:43 status half-installed libtsan0:amd64 8.3.0-6
2020-04-23 03:03:43 status unpacked libtsan0:amd64 8.3.0-6
2020-04-23 03:03:43 install libubsan1:amd64 <none> 8.3.0-6
2020-04-23 03:03:43 status half-installed libubsan1:amd64 8.3.0-6
2020-04-23 03:03:43 status unpacked libubsan1:amd64 8.3.0-6
2020-04-23 03:03:43 install libmpx2:amd64 <none> 8.3.0-6
2020-04-23 03:03:43 status half-installed libmpx2:amd64 8.3.0-6
2020-04-23 03:03:43 status unpacked libmpx2:amd64 8.3.0-6
2020-04-23 03:03:43 install libquadmath0:amd64 <none> 8.3.0-6
2020-04-23 03:03:43 status half-installed libquadmath0:amd64 8.3.0-6
2020-04-23 03:03:43 status unpacked libquadmath0:amd64 8.3.0-6
2020-04-23 03:03:43 install libgcc-8-dev:amd64 <none> 8.3.0-6
2020-04-23 03:03:43 status half-installed libgcc-8-dev:amd64 8.3.0-6
2020-04-23 03:03:44 status unpacked libgcc-8-dev:amd64 8.3.0-6
2020-04-23 03:03:44 install gcc-8:amd64 <none> 8.3.0-6
2020-04-23 03:03:44 status half-installed gcc-8:amd64 8.3.0-6
2020-04-23 03:03:45 status unpacked gcc-8:amd64 8.3.0-6
2020-04-23 03:03:45 install gcc:amd64 <none> 4:8.3.0-1
2020-04-23 03:03:45 status half-installed gcc:amd64 4:8.3.0-1
2020-04-23 03:03:45 status unpacked gcc:amd64 4:8.3.0-1
2020-04-23 03:03:45 install gnupg-l10n:all <none> 2.2.12-1+deb10u1
2020-04-23 03:03:45 status half-installed gnupg-l10n:all 2.2.12-1+deb10u1
2020-04-23 03:03:45 status unpacked gnupg-l10n:all 2.2.12-1+deb10u1
2020-04-23 03:03:45 install gnupg-utils:amd64 <none> 2.2.12-1+deb10u1
2020-04-23 03:03:45 status half-installed gnupg-utils:amd64 2.2.12-1+deb10u1
2020-04-23 03:03:46 status unpacked gnupg-utils:amd64 2.2.12-1+deb10u1
2020-04-23 03:03:46 install libsqlite3-0:amd64 <none> 3.27.2-3
2020-04-23 03:03:46 status half-installed libsqlite3-0:amd64 3.27.2-3
2020-04-23 03:03:46 status unpacked libsqlite3-0:amd64 3.27.2-3
2020-04-23 03:03:46 install gpg:amd64 <none> 2.2.12-1+deb10u1
2020-04-23 03:03:46 status half-installed gpg:amd64 2.2.12-1+deb10u1
2020-04-23 03:03:46 status unpacked gpg:amd64 2.2.12-1+deb10u1
2020-04-23 03:03:46 install pinentry-curses:amd64 <none> 1.1.0-2
2020-04-23 03:03:46 status half-installed pinentry-curses:amd64 1.1.0-2
2020-04-23 03:03:46 status unpacked pinentry-curses:amd64 1.1.0-2
2020-04-23 03:03:46 install gpg-agent:amd64 <none> 2.2.12-1+deb10u1
2020-04-23 03:03:46 status half-installed gpg-agent:amd64 2.2.12-1+deb10u1
2020-04-23 03:03:46 status unpacked gpg-agent:amd64 2.2.12-1+deb10u1
2020-04-23 03:03:46 install gpg-wks-client:amd64 <none> 2.2.12-1+deb10u1
2020-04-23 03:03:46 status half-installed gpg-wks-client:amd64 2.2.12-1+deb10u1
2020-04-23 03:03:46 status unpacked gpg-wks-client:amd64 2.2.12-1+deb10u1
2020-04-23 03:03:46 install gpg-wks-server:amd64 <none> 2.2.12-1+deb10u1
2020-04-23 03:03:46 status half-installed gpg-wks-server:amd64 2.2.12-1+deb10u1
2020-04-23 03:03:46 status unpacked gpg-wks-server:amd64 2.2.12-1+deb10u1
2020-04-23 03:03:46 install gpgsm:amd64 <none> 2.2.12-1+deb10u1
2020-04-23 03:03:46 status half-installed gpgsm:amd64 2.2.12-1+deb10u1
2020-04-23 03:03:46 status unpacked gpgsm:amd64 2.2.12-1+deb10u1
2020-04-23 03:03:46 install gnupg:all <none> 2.2.12-1+deb10u1
2020-04-23 03:03:46 status half-installed gnupg:all 2.2.12-1+deb10u1
2020-04-23 03:03:46 status unpacked gnupg:all 2.2.12-1+deb10u1
2020-04-23 03:03:46 install libicu63:amd64 <none> 63.1-6+deb10u1
2020-04-23 03:03:46 status half-installed libicu63:amd64 63.1-6+deb10u1
2020-04-23 03:03:48 status unpacked libicu63:amd64 63.1-6+deb10u1
2020-04-23 03:03:48 install icu-devtools:amd64 <none> 63.1-6+deb10u1
2020-04-23 03:03:48 status half-installed icu-devtools:amd64 63.1-6+deb10u1
2020-04-23 03:03:48 status unpacked icu-devtools:amd64 63.1-6+deb10u1
2020-04-23 03:03:48 install libbrotli1:amd64 <none> 1.0.7-2
2020-04-23 03:03:48 status half-installed libbrotli1:amd64 1.0.7-2
2020-04-23 03:03:48 status unpacked libbrotli1:amd64 1.0.7-2
2020-04-23 03:03:48 install libbrotli-dev:amd64 <none> 1.0.7-2
2020-04-23 03:03:48 status half-installed libbrotli-dev:amd64 1.0.7-2
2020-04-23 03:03:48 status unpacked libbrotli-dev:amd64 1.0.7-2
2020-04-23 03:03:48 install libkeyutils1:amd64 <none> 1.6-6
2020-04-23 03:03:48 status half-installed libkeyutils1:amd64 1.6-6
2020-04-23 03:03:48 status unpacked libkeyutils1:amd64 1.6-6
2020-04-23 03:03:48 install libkrb5support0:amd64 <none> 1.17-3
2020-04-23 03:03:48 status half-installed libkrb5support0:amd64 1.17-3
2020-04-23 03:03:48 status unpacked libkrb5support0:amd64 1.17-3
2020-04-23 03:03:48 install libk5crypto3:amd64 <none> 1.17-3
2020-04-23 03:03:48 status half-installed libk5crypto3:amd64 1.17-3
2020-04-23 03:03:48 status unpacked libk5crypto3:amd64 1.17-3
2020-04-23 03:03:48 install libkrb5-3:amd64 <none> 1.17-3
2020-04-23 03:03:48 status half-installed libkrb5-3:amd64 1.17-3
2020-04-23 03:03:48 status unpacked libkrb5-3:amd64 1.17-3
2020-04-23 03:03:48 install libgssapi-krb5-2:amd64 <none> 1.17-3
2020-04-23 03:03:48 status half-installed libgssapi-krb5-2:amd64 1.17-3
2020-04-23 03:03:48 status unpacked libgssapi-krb5-2:amd64 1.17-3
2020-04-23 03:03:48 install libnghttp2-14:amd64 <none> 1.36.0-2+deb10u1
2020-04-23 03:03:48 status half-installed libnghttp2-14:amd64 1.36.0-2+deb10u1
2020-04-23 03:03:48 status unpacked libnghttp2-14:amd64 1.36.0-2+deb10u1
2020-04-23 03:03:48 install librtmp1:amd64 <none> 2.4+20151223.gitfa8646d.1-2
2020-04-23 03:03:48 status half-installed librtmp1:amd64 2.4+20151223.gitfa8646d.1-2
2020-04-23 03:03:48 status unpacked librtmp1:amd64 2.4+20151223.gitfa8646d.1-2
2020-04-23 03:03:48 install libssh2-1:amd64 <none> 1.8.0-2.1
2020-04-23 03:03:48 status half-installed libssh2-1:amd64 1.8.0-2.1
2020-04-23 03:03:48 status unpacked libssh2-1:amd64 1.8.0-2.1
2020-04-23 03:03:48 install libcurl4:amd64 <none> 7.64.0-4+deb10u1
2020-04-23 03:03:48 status half-installed libcurl4:amd64 7.64.0-4+deb10u1
2020-04-23 03:03:48 status unpacked libcurl4:amd64 7.64.0-4+deb10u1
2020-04-23 03:03:48 install libcurl4-openssl-dev:amd64 <none> 7.64.0-4+deb10u1
2020-04-23 03:03:48 status half-installed libcurl4-openssl-dev:amd64 7.64.0-4+deb10u1
2020-04-23 03:03:49 status unpacked libcurl4-openssl-dev:amd64 7.64.0-4+deb10u1
2020-04-23 03:03:49 install libglib2.0-0:amd64 <none> 2.58.3-2+deb10u2
2020-04-23 03:03:49 status half-installed libglib2.0-0:amd64 2.58.3-2+deb10u2
2020-04-23 03:03:49 status unpacked libglib2.0-0:amd64 2.58.3-2+deb10u2
2020-04-23 03:03:49 install libicu-dev:amd64 <none> 63.1-6+deb10u1
2020-04-23 03:03:49 status half-installed libicu-dev:amd64 63.1-6+deb10u1
2020-04-23 03:03:50 status unpacked libicu-dev:amd64 63.1-6+deb10u1
2020-04-23 03:03:50 install libjansson4:amd64 <none> 2.12-1
2020-04-23 03:03:50 status half-installed libjansson4:amd64 2.12-1
2020-04-23 03:03:50 status unpacked libjansson4:amd64 2.12-1
2020-04-23 03:03:50 install libjansson-dev:amd64 <none> 2.12-1
2020-04-23 03:03:50 status half-installed libjansson-dev:amd64 2.12-1
2020-04-23 03:03:50 status unpacked libjansson-dev:amd64 2.12-1
2020-04-23 03:03:51 install liblua5.2-0:amd64 <none> 5.2.4-1.1+b2
2020-04-23 03:03:51 status half-installed liblua5.2-0:amd64 5.2.4-1.1+b2
2020-04-23 03:03:51 status unpacked liblua5.2-0:amd64 5.2.4-1.1+b2
2020-04-23 03:03:51 install libncurses6:amd64 <none> 6.1+20181013-2+deb10u2
2020-04-23 03:03:51 status half-installed libncurses6:amd64 6.1+20181013-2+deb10u2
2020-04-23 03:03:51 status unpacked libncurses6:amd64 6.1+20181013-2+deb10u2
2020-04-23 03:03:51 install libncurses-dev:amd64 <none> 6.1+20181013-2+deb10u2
2020-04-23 03:03:51 status half-installed libncurses-dev:amd64 6.1+20181013-2+deb10u2
2020-04-23 03:03:51 status unpacked libncurses-dev:amd64 6.1+20181013-2+deb10u2
2020-04-23 03:03:51 install libreadline-dev:amd64 <none> 7.0-5
2020-04-23 03:03:51 status half-installed libreadline-dev:amd64 7.0-5
2020-04-23 03:03:51 status unpacked libreadline-dev:amd64 7.0-5
2020-04-23 03:03:51 install liblua5.2-dev:amd64 <none> 5.2.4-1.1+b2
2020-04-23 03:03:51 status half-installed liblua5.2-dev:amd64 5.2.4-1.1+b2
2020-04-23 03:03:51 status unpacked liblua5.2-dev:amd64 5.2.4-1.1+b2
2020-04-23 03:03:51 install pkg-config:amd64 <none> 0.29-6
2020-04-23 03:03:51 status half-installed pkg-config:amd64 0.29-6
2020-04-23 03:03:51 status unpacked pkg-config:amd64 0.29-6
2020-04-23 03:03:51 install libnghttp2-dev:amd64 <none> 1.36.0-2+deb10u1
2020-04-23 03:03:51 status half-installed libnghttp2-dev:amd64 1.36.0-2+deb10u1
2020-04-23 03:03:51 status unpacked libnghttp2-dev:amd64 1.36.0-2+deb10u1
2020-04-23 03:03:51 install libpcre16-3:amd64 <none> 2:8.39-12
2020-04-23 03:03:51 status half-installed libpcre16-3:amd64 2:8.39-12
2020-04-23 03:03:51 status unpacked libpcre16-3:amd64 2:8.39-12
2020-04-23 03:03:51 install libpcre32-3:amd64 <none> 2:8.39-12
2020-04-23 03:03:51 status half-installed libpcre32-3:amd64 2:8.39-12
2020-04-23 03:03:51 status unpacked libpcre32-3:amd64 2:8.39-12
2020-04-23 03:03:51 install libpcrecpp0v5:amd64 <none> 2:8.39-12
2020-04-23 03:03:51 status half-installed libpcrecpp0v5:amd64 2:8.39-12
2020-04-23 03:03:51 status unpacked libpcrecpp0v5:amd64 2:8.39-12
2020-04-23 03:03:51 install libpcre3-dev:amd64 <none> 2:8.39-12
2020-04-23 03:03:51 status half-installed libpcre3-dev:amd64 2:8.39-12
2020-04-23 03:03:51 status unpacked libpcre3-dev:amd64 2:8.39-12
2020-04-23 03:03:51 install libssl-dev:amd64 <none> 1.1.1d-0+deb10u3
2020-04-23 03:03:51 status half-installed libssl-dev:amd64 1.1.1d-0+deb10u3
2020-04-23 03:03:52 status unpacked libssl-dev:amd64 1.1.1d-0+deb10u3
2020-04-23 03:03:52 install libxml2:amd64 <none> 2.9.4+dfsg1-7+b3
2020-04-23 03:03:52 status half-installed libxml2:amd64 2.9.4+dfsg1-7+b3
2020-04-23 03:03:52 status unpacked libxml2:amd64 2.9.4+dfsg1-7+b3
2020-04-23 03:03:52 install libxml2-dev:amd64 <none> 2.9.4+dfsg1-7+b3
2020-04-23 03:03:52 status half-installed libxml2-dev:amd64 2.9.4+dfsg1-7+b3
2020-04-23 03:03:52 status unpacked libxml2-dev:amd64 2.9.4+dfsg1-7+b3
2020-04-23 03:03:52 install zlib1g-dev:amd64 <none> 1:1.2.11.dfsg-1
2020-04-23 03:03:52 status half-installed zlib1g-dev:amd64 1:1.2.11.dfsg-1
2020-04-23 03:03:52 status unpacked zlib1g-dev:amd64 1:1.2.11.dfsg-1
2020-04-23 03:03:52 startup packages configure
2020-04-23 03:03:52 configure perl-modules-5.28:all 5.28.1-6 <none>
2020-04-23 03:03:52 status unpacked perl-modules-5.28:all 5.28.1-6
2020-04-23 03:03:52 status half-configured perl-modules-5.28:all 5.28.1-6
2020-04-23 03:03:52 status installed perl-modules-5.28:all 5.28.1-6
2020-04-23 03:03:52 configure libksba8:amd64 1.3.5-2 <none>
2020-04-23 03:03:52 status unpacked libksba8:amd64 1.3.5-2
2020-04-23 03:03:52 status half-configured libksba8:amd64 1.3.5-2
2020-04-23 03:03:52 status installed libksba8:amd64 1.3.5-2
2020-04-23 03:03:52 configure libpcrecpp0v5:amd64 2:8.39-12 <none>
2020-04-23 03:03:52 status unpacked libpcrecpp0v5:amd64 2:8.39-12
2020-04-23 03:03:52 status half-configured libpcrecpp0v5:amd64 2:8.39-12
2020-04-23 03:03:52 status installed libpcrecpp0v5:amd64 2:8.39-12
2020-04-23 03:03:52 configure lsb-base:all 10.2019051400 <none>
2020-04-23 03:03:52 status unpacked lsb-base:all 10.2019051400
2020-04-23 03:03:52 status half-configured lsb-base:all 10.2019051400
2020-04-23 03:03:52 status installed lsb-base:all 10.2019051400
2020-04-23 03:03:52 configure libkeyutils1:amd64 1.6-6 <none>
2020-04-23 03:03:52 status unpacked libkeyutils1:amd64 1.6-6
2020-04-23 03:03:52 status half-configured libkeyutils1:amd64 1.6-6
2020-04-23 03:03:52 status installed libkeyutils1:amd64 1.6-6
2020-04-23 03:03:52 configure libpsl5:amd64 0.20.2-2 <none>
2020-04-23 03:03:52 status unpacked libpsl5:amd64 0.20.2-2
2020-04-23 03:03:52 status half-configured libpsl5:amd64 0.20.2-2
2020-04-23 03:03:52 status installed libpsl5:amd64 0.20.2-2
2020-04-23 03:03:52 configure libpcre16-3:amd64 2:8.39-12 <none>
2020-04-23 03:03:52 status unpacked libpcre16-3:amd64 2:8.39-12
2020-04-23 03:03:52 status half-configured libpcre16-3:amd64 2:8.39-12
2020-04-23 03:03:52 status installed libpcre16-3:amd64 2:8.39-12
2020-04-23 03:03:52 configure libglib2.0-0:amd64 2.58.3-2+deb10u2 <none>
2020-04-23 03:03:52 status unpacked libglib2.0-0:amd64 2.58.3-2+deb10u2
2020-04-23 03:03:52 status half-configured libglib2.0-0:amd64 2.58.3-2+deb10u2
2020-04-23 03:03:52 status installed libglib2.0-0:amd64 2.58.3-2+deb10u2
2020-04-23 03:03:52 configure libbrotli1:amd64 1.0.7-2 <none>
2020-04-23 03:03:52 status unpacked libbrotli1:amd64 1.0.7-2
2020-04-23 03:03:52 status half-configured libbrotli1:amd64 1.0.7-2
2020-04-23 03:03:52 status installed libbrotli1:amd64 1.0.7-2
2020-04-23 03:03:52 configure libsqlite3-0:amd64 3.27.2-3 <none>
2020-04-23 03:03:52 status unpacked libsqlite3-0:amd64 3.27.2-3
2020-04-23 03:03:52 status half-configured libsqlite3-0:amd64 3.27.2-3
2020-04-23 03:03:52 status installed libsqlite3-0:amd64 3.27.2-3
2020-04-23 03:03:52 configure binutils-common:amd64 2.31.1-16 <none>
2020-04-23 03:03:52 status unpacked binutils-common:amd64 2.31.1-16
2020-04-23 03:03:52 status half-configured binutils-common:amd64 2.31.1-16
2020-04-23 03:03:52 status installed binutils-common:amd64 2.31.1-16
2020-04-23 03:03:52 configure libnghttp2-14:amd64 1.36.0-2+deb10u1 <none>
2020-04-23 03:03:52 status unpacked libnghttp2-14:amd64 1.36.0-2+deb10u1
2020-04-23 03:03:52 status half-configured libnghttp2-14:amd64 1.36.0-2+deb10u1
2020-04-23 03:03:52 status installed libnghttp2-14:amd64 1.36.0-2+deb10u1
2020-04-23 03:03:52 configure libnpth0:amd64 1.6-1 <none>
2020-04-23 03:03:52 status unpacked libnpth0:amd64 1.6-1
2020-04-23 03:03:52 status half-configured libnpth0:amd64 1.6-1
2020-04-23 03:03:52 status installed libnpth0:amd64 1.6-1
2020-04-23 03:03:52 configure libassuan0:amd64 2.5.2-1 <none>
2020-04-23 03:03:52 status unpacked libassuan0:amd64 2.5.2-1
2020-04-23 03:03:52 status half-configured libassuan0:amd64 2.5.2-1
2020-04-23 03:03:52 status installed libassuan0:amd64 2.5.2-1
2020-04-23 03:03:52 configure libgomp1:amd64 8.3.0-6 <none>
2020-04-23 03:03:52 status unpacked libgomp1:amd64 8.3.0-6
2020-04-23 03:03:52 status half-configured libgomp1:amd64 8.3.0-6
2020-04-23 03:03:52 status installed libgomp1:amd64 8.3.0-6
2020-04-23 03:03:52 configure bzip2:amd64 1.0.6-9.2~deb10u1 <none>
2020-04-23 03:03:52 status unpacked bzip2:amd64 1.0.6-9.2~deb10u1
2020-04-23 03:03:52 status half-configured bzip2:amd64 1.0.6-9.2~deb10u1
2020-04-23 03:03:52 status installed bzip2:amd64 1.0.6-9.2~deb10u1
2020-04-23 03:03:52 configure libicu63:amd64 63.1-6+deb10u1 <none>
2020-04-23 03:03:52 status unpacked libicu63:amd64 63.1-6+deb10u1
2020-04-23 03:03:52 status half-configured libicu63:amd64 63.1-6+deb10u1
2020-04-23 03:03:52 status installed libicu63:amd64 63.1-6+deb10u1
2020-04-23 03:03:52 configure libjansson4:amd64 2.12-1 <none>
2020-04-23 03:03:52 status unpacked libjansson4:amd64 2.12-1
2020-04-23 03:03:52 status half-configured libjansson4:amd64 2.12-1
2020-04-23 03:03:52 status installed libjansson4:amd64 2.12-1
2020-04-23 03:03:52 configure libkrb5support0:amd64 1.17-3 <none>
2020-04-23 03:03:52 status unpacked libkrb5support0:amd64 1.17-3
2020-04-23 03:03:52 status half-configured libkrb5support0:amd64 1.17-3
2020-04-23 03:03:52 status installed libkrb5support0:amd64 1.17-3
2020-04-23 03:03:52 configure libasan5:amd64 8.3.0-6 <none>
2020-04-23 03:03:52 status unpacked libasan5:amd64 8.3.0-6
2020-04-23 03:03:52 status half-configured libasan5:amd64 8.3.0-6
2020-04-23 03:03:52 status installed libasan5:amd64 8.3.0-6
2020-04-23 03:03:52 configure make:amd64 4.2.1-1.2 <none>
2020-04-23 03:03:52 status unpacked make:amd64 4.2.1-1.2
2020-04-23 03:03:52 status half-configured make:amd64 4.2.1-1.2
2020-04-23 03:03:52 status installed make:amd64 4.2.1-1.2
2020-04-23 03:03:52 configure libmpfr6:amd64 4.0.2-1 <none>
2020-04-23 03:03:52 status unpacked libmpfr6:amd64 4.0.2-1
2020-04-23 03:03:52 status half-configured libmpfr6:amd64 4.0.2-1
2020-04-23 03:03:52 status installed libmpfr6:amd64 4.0.2-1
2020-04-23 03:03:52 configure gnupg-l10n:all 2.2.12-1+deb10u1 <none>
2020-04-23 03:03:52 status unpacked gnupg-l10n:all 2.2.12-1+deb10u1
2020-04-23 03:03:52 status half-configured gnupg-l10n:all 2.2.12-1+deb10u1
2020-04-23 03:03:52 status installed gnupg-l10n:all 2.2.12-1+deb10u1
2020-04-23 03:03:52 configure librtmp1:amd64 2.4+20151223.gitfa8646d.1-2 <none>
2020-04-23 03:03:52 status unpacked librtmp1:amd64 2.4+20151223.gitfa8646d.1-2
2020-04-23 03:03:52 status half-configured librtmp1:amd64 2.4+20151223.gitfa8646d.1-2
2020-04-23 03:03:52 status installed librtmp1:amd64 2.4+20151223.gitfa8646d.1-2
2020-04-23 03:03:52 configure libncurses6:amd64 6.1+20181013-2+deb10u2 <none>
2020-04-23 03:03:52 status unpacked libncurses6:amd64 6.1+20181013-2+deb10u2
2020-04-23 03:03:52 status half-configured libncurses6:amd64 6.1+20181013-2+deb10u2
2020-04-23 03:03:52 status installed libncurses6:amd64 6.1+20181013-2+deb10u2
2020-04-23 03:03:52 configure xz-utils:amd64 5.2.4-1 <none>
2020-04-23 03:03:52 status unpacked xz-utils:amd64 5.2.4-1
2020-04-23 03:03:52 status half-configured xz-utils:amd64 5.2.4-1
2020-04-23 03:03:52 status installed xz-utils:amd64 5.2.4-1
2020-04-23 03:03:52 configure libquadmath0:amd64 8.3.0-6 <none>
2020-04-23 03:03:52 status unpacked libquadmath0:amd64 8.3.0-6
2020-04-23 03:03:52 status half-configured libquadmath0:amd64 8.3.0-6
2020-04-23 03:03:52 status installed libquadmath0:amd64 8.3.0-6
2020-04-23 03:03:52 configure libssl-dev:amd64 1.1.1d-0+deb10u3 <none>
2020-04-23 03:03:52 status unpacked libssl-dev:amd64 1.1.1d-0+deb10u3
2020-04-23 03:03:52 status half-configured libssl-dev:amd64 1.1.1d-0+deb10u3
2020-04-23 03:03:52 status installed libssl-dev:amd64 1.1.1d-0+deb10u3
2020-04-23 03:03:52 configure libpcre32-3:amd64 2:8.39-12 <none>
2020-04-23 03:03:52 status unpacked libpcre32-3:amd64 2:8.39-12
2020-04-23 03:03:52 status half-configured libpcre32-3:amd64 2:8.39-12
2020-04-23 03:03:52 status installed libpcre32-3:amd64 2:8.39-12
2020-04-23 03:03:52 configure libmpc3:amd64 1.1.0-1 <none>
2020-04-23 03:03:52 status unpacked libmpc3:amd64 1.1.0-1
2020-04-23 03:03:52 status half-configured libmpc3:amd64 1.1.0-1
2020-04-23 03:03:52 status installed libmpc3:amd64 1.1.0-1
2020-04-23 03:03:52 configure libatomic1:amd64 8.3.0-6 <none>
2020-04-23 03:03:52 status unpacked libatomic1:amd64 8.3.0-6
2020-04-23 03:03:52 status half-configured libatomic1:amd64 8.3.0-6
2020-04-23 03:03:52 status installed libatomic1:amd64 8.3.0-6
2020-04-23 03:03:52 configure patch:amd64 2.7.6-3+deb10u1 <none>
2020-04-23 03:03:52 status unpacked patch:amd64 2.7.6-3+deb10u1
2020-04-23 03:03:52 status half-configured patch:amd64 2.7.6-3+deb10u1
2020-04-23 03:03:52 status installed patch:amd64 2.7.6-3+deb10u1
2020-04-23 03:03:53 configure icu-devtools:amd64 63.1-6+deb10u1 <none>
2020-04-23 03:03:53 status unpacked icu-devtools:amd64 63.1-6+deb10u1
2020-04-23 03:03:53 status half-configured icu-devtools:amd64 63.1-6+deb10u1
2020-04-23 03:03:53 status installed icu-devtools:amd64 63.1-6+deb10u1
2020-04-23 03:03:53 configure libgdbm-compat4:amd64 1.18.1-4 <none>
2020-04-23 03:03:53 status unpacked libgdbm-compat4:amd64 1.18.1-4
2020-04-23 03:03:53 status half-configured libgdbm-compat4:amd64 1.18.1-4
2020-04-23 03:03:53 status installed libgdbm-compat4:amd64 1.18.1-4
2020-04-23 03:03:53 configure libpcre2-8-0:amd64 10.32-5 <none>
2020-04-23 03:03:53 status unpacked libpcre2-8-0:amd64 10.32-5
2020-04-23 03:03:53 status half-configured libpcre2-8-0:amd64 10.32-5
2020-04-23 03:03:53 status installed libpcre2-8-0:amd64 10.32-5
2020-04-23 03:03:53 configure libk5crypto3:amd64 1.17-3 <none>
2020-04-23 03:03:53 status unpacked libk5crypto3:amd64 1.17-3
2020-04-23 03:03:53 status half-configured libk5crypto3:amd64 1.17-3
2020-04-23 03:03:53 status installed libk5crypto3:amd64 1.17-3
2020-04-23 03:03:53 configure libperl5.28:amd64 5.28.1-6 <none>
2020-04-23 03:03:53 status unpacked libperl5.28:amd64 5.28.1-6
2020-04-23 03:03:53 status half-configured libperl5.28:amd64 5.28.1-6
2020-04-23 03:03:53 status installed libperl5.28:amd64 5.28.1-6
2020-04-23 03:03:53 configure libmpx2:amd64 8.3.0-6 <none>
2020-04-23 03:03:53 status unpacked libmpx2:amd64 8.3.0-6
2020-04-23 03:03:53 status half-configured libmpx2:amd64 8.3.0-6
2020-04-23 03:03:53 status installed libmpx2:amd64 8.3.0-6
2020-04-23 03:03:53 configure libubsan1:amd64 8.3.0-6 <none>
2020-04-23 03:03:53 status unpacked libubsan1:amd64 8.3.0-6
2020-04-23 03:03:53 status half-configured libubsan1:amd64 8.3.0-6
2020-04-23 03:03:53 status installed libubsan1:amd64 8.3.0-6
2020-04-23 03:03:53 configure zlib1g-dev:amd64 1:1.2.11.dfsg-1 <none>
2020-04-23 03:03:53 status unpacked zlib1g-dev:amd64 1:1.2.11.dfsg-1
2020-04-23 03:03:53 status half-configured zlib1g-dev:amd64 1:1.2.11.dfsg-1
2020-04-23 03:03:53 status installed zlib1g-dev:amd64 1:1.2.11.dfsg-1
2020-04-23 03:03:53 configure libisl19:amd64 0.20-2 <none>
2020-04-23 03:03:53 status unpacked libisl19:amd64 0.20-2
2020-04-23 03:03:53 status half-configured libisl19:amd64 0.20-2
2020-04-23 03:03:53 status installed libisl19:amd64 0.20-2
2020-04-23 03:03:53 configure liblua5.2-0:amd64 5.2.4-1.1+b2 <none>
2020-04-23 03:03:53 status unpacked liblua5.2-0:amd64 5.2.4-1.1+b2
2020-04-23 03:03:53 status half-configured liblua5.2-0:amd64 5.2.4-1.1+b2
2020-04-23 03:03:53 status installed liblua5.2-0:amd64 5.2.4-1.1+b2
2020-04-23 03:03:53 configure libssh2-1:amd64 1.8.0-2.1 <none>
2020-04-23 03:03:53 status unpacked libssh2-1:amd64 1.8.0-2.1
2020-04-23 03:03:53 status half-configured libssh2-1:amd64 1.8.0-2.1
2020-04-23 03:03:53 status installed libssh2-1:amd64 1.8.0-2.1
2020-04-23 03:03:53 configure libkrb5-3:amd64 1.17-3 <none>
2020-04-23 03:03:53 status unpacked libkrb5-3:amd64 1.17-3
2020-04-23 03:03:53 status half-configured libkrb5-3:amd64 1.17-3
2020-04-23 03:03:53 status installed libkrb5-3:amd64 1.17-3
2020-04-23 03:03:53 configure libbinutils:amd64 2.31.1-16 <none>
2020-04-23 03:03:53 status unpacked libbinutils:amd64 2.31.1-16
2020-04-23 03:03:53 status half-configured libbinutils:amd64 2.31.1-16
2020-04-23 03:03:53 status installed libbinutils:amd64 2.31.1-16
2020-04-23 03:03:53 configure cpp-8:amd64 8.3.0-6 <none>
2020-04-23 03:03:53 status unpacked cpp-8:amd64 8.3.0-6
2020-04-23 03:03:53 status half-configured cpp-8:amd64 8.3.0-6
2020-04-23 03:03:53 status installed cpp-8:amd64 8.3.0-6
2020-04-23 03:03:53 configure openssl:amd64 1.1.1d-0+deb10u3 <none>
2020-04-23 03:03:53 status unpacked openssl:amd64 1.1.1d-0+deb10u3
2020-04-23 03:03:53 status half-configured openssl:amd64 1.1.1d-0+deb10u3
2020-04-23 03:03:53 status installed openssl:amd64 1.1.1d-0+deb10u3
2020-04-23 03:03:53 configure readline-common:all 7.0-5 <none>
2020-04-23 03:03:53 status unpacked readline-common:all 7.0-5
2020-04-23 03:03:53 status half-configured readline-common:all 7.0-5
2020-04-23 03:03:53 status installed readline-common:all 7.0-5
2020-04-23 03:03:53 configure libicu-dev:amd64 63.1-6+deb10u1 <none>
2020-04-23 03:03:53 status unpacked libicu-dev:amd64 63.1-6+deb10u1
2020-04-23 03:03:53 status half-configured libicu-dev:amd64 63.1-6+deb10u1
2020-04-23 03:03:53 status installed libicu-dev:amd64 63.1-6+deb10u1
2020-04-23 03:03:53 configure libxml2:amd64 2.9.4+dfsg1-7+b3 <none>
2020-04-23 03:03:53 status unpacked libxml2:amd64 2.9.4+dfsg1-7+b3
2020-04-23 03:03:53 status half-configured libxml2:amd64 2.9.4+dfsg1-7+b3
2020-04-23 03:03:53 status installed libxml2:amd64 2.9.4+dfsg1-7+b3
2020-04-23 03:03:53 configure libcc1-0:amd64 8.3.0-6 <none>
2020-04-23 03:03:53 status unpacked libcc1-0:amd64 8.3.0-6
2020-04-23 03:03:53 status half-configured libcc1-0:amd64 8.3.0-6
2020-04-23 03:03:53 status installed libcc1-0:amd64 8.3.0-6
2020-04-23 03:03:53 configure libjansson-dev:amd64 2.12-1 <none>
2020-04-23 03:03:53 status unpacked libjansson-dev:amd64 2.12-1
2020-04-23 03:03:53 status half-configured libjansson-dev:amd64 2.12-1
2020-04-23 03:03:53 status installed libjansson-dev:amd64 2.12-1
2020-04-23 03:03:53 configure libbrotli-dev:amd64 1.0.7-2 <none>
2020-04-23 03:03:53 status unpacked libbrotli-dev:amd64 1.0.7-2
2020-04-23 03:03:53 status half-configured libbrotli-dev:amd64 1.0.7-2
2020-04-23 03:03:53 status installed libbrotli-dev:amd64 1.0.7-2
2020-04-23 03:03:53 configure liblsan0:amd64 8.3.0-6 <none>
2020-04-23 03:03:53 status unpacked liblsan0:amd64 8.3.0-6
2020-04-23 03:03:53 status half-configured liblsan0:amd64 8.3.0-6
2020-04-23 03:03:53 status installed liblsan0:amd64 8.3.0-6
2020-04-23 03:03:53 configure libitm1:amd64 8.3.0-6 <none>
2020-04-23 03:03:53 status unpacked libitm1:amd64 8.3.0-6
2020-04-23 03:03:53 status half-configured libitm1:amd64 8.3.0-6
2020-04-23 03:03:53 status installed libitm1:amd64 8.3.0-6
2020-04-23 03:03:53 configure libreadline7:amd64 7.0-5 <none>
2020-04-23 03:03:53 status unpacked libreadline7:amd64 7.0-5
2020-04-23 03:03:53 status half-configured libreadline7:amd64 7.0-5
2020-04-23 03:03:53 status installed libreadline7:amd64 7.0-5
2020-04-23 03:03:53 configure gnupg-utils:amd64 2.2.12-1+deb10u1 <none>
2020-04-23 03:03:53 status unpacked gnupg-utils:amd64 2.2.12-1+deb10u1
2020-04-23 03:03:53 status half-configured gnupg-utils:amd64 2.2.12-1+deb10u1
2020-04-23 03:03:53 status installed gnupg-utils:amd64 2.2.12-1+deb10u1
2020-04-23 03:03:53 configure binutils-x86-64-linux-gnu:amd64 2.31.1-16 <none>
2020-04-23 03:03:53 status unpacked binutils-x86-64-linux-gnu:amd64 2.31.1-16
2020-04-23 03:03:53 status half-configured binutils-x86-64-linux-gnu:amd64 2.31.1-16
2020-04-23 03:03:53 status installed binutils-x86-64-linux-gnu:amd64 2.31.1-16
2020-04-23 03:03:53 configure libtsan0:amd64 8.3.0-6 <none>
2020-04-23 03:03:53 status unpacked libtsan0:amd64 8.3.0-6
2020-04-23 03:03:53 status half-configured libtsan0:amd64 8.3.0-6
2020-04-23 03:03:53 status installed libtsan0:amd64 8.3.0-6
2020-04-23 03:03:53 configure pinentry-curses:amd64 1.1.0-2 <none>
2020-04-23 03:03:53 status unpacked pinentry-curses:amd64 1.1.0-2
2020-04-23 03:03:53 status half-configured pinentry-curses:amd64 1.1.0-2
2020-04-23 03:03:53 status installed pinentry-curses:amd64 1.1.0-2
2020-04-23 03:03:53 configure libncurses-dev:amd64 6.1+20181013-2+deb10u2 <none>
2020-04-23 03:03:53 status unpacked libncurses-dev:amd64 6.1+20181013-2+deb10u2
2020-04-23 03:03:53 status half-configured libncurses-dev:amd64 6.1+20181013-2+deb10u2
2020-04-23 03:03:53 status installed libncurses-dev:amd64 6.1+20181013-2+deb10u2
2020-04-23 03:03:53 configure wget:amd64 1.20.1-1.1 <none>
2020-04-23 03:03:53 status unpacked wget:amd64 1.20.1-1.1
2020-04-23 03:03:53 status half-configured wget:amd64 1.20.1-1.1
2020-04-23 03:03:53 status installed wget:amd64 1.20.1-1.1
2020-04-23 03:03:53 configure libpcre3-dev:amd64 2:8.39-12 <none>
2020-04-23 03:03:53 status unpacked libpcre3-dev:amd64 2:8.39-12
2020-04-23 03:03:53 status half-configured libpcre3-dev:amd64 2:8.39-12
2020-04-23 03:03:53 status installed libpcre3-dev:amd64 2:8.39-12
2020-04-23 03:03:53 configure binutils:amd64 2.31.1-16 <none>
2020-04-23 03:03:53 status unpacked binutils:amd64 2.31.1-16
2020-04-23 03:03:53 status half-configured binutils:amd64 2.31.1-16
2020-04-23 03:03:53 status installed binutils:amd64 2.31.1-16
2020-04-23 03:03:53 configure libreadline-dev:amd64 7.0-5 <none>
2020-04-23 03:03:53 status unpacked libreadline-dev:amd64 7.0-5
2020-04-23 03:03:53 status half-configured libreadline-dev:amd64 7.0-5
2020-04-23 03:03:53 status installed libreadline-dev:amd64 7.0-5
2020-04-23 03:03:53 configure liblua5.2-dev:amd64 5.2.4-1.1+b2 <none>
2020-04-23 03:03:53 status unpacked liblua5.2-dev:amd64 5.2.4-1.1+b2
2020-04-23 03:03:53 status half-configured liblua5.2-dev:amd64 5.2.4-1.1+b2
2020-04-23 03:03:53 status installed liblua5.2-dev:amd64 5.2.4-1.1+b2
2020-04-23 03:03:53 configure ca-certificates:all 20190110 <none>
2020-04-23 03:03:53 status unpacked ca-certificates:all 20190110
2020-04-23 03:03:53 status half-configured ca-certificates:all 20190110
2020-04-23 03:03:54 status installed ca-certificates:all 20190110
2020-04-23 03:03:54 status triggers-pending ca-certificates:all 20190110
2020-04-23 03:03:54 configure perl:amd64 5.28.1-6 <none>
2020-04-23 03:03:54 status unpacked perl:amd64 5.28.1-6
2020-04-23 03:03:54 status half-configured perl:amd64 5.28.1-6
2020-04-23 03:03:54 status installed perl:amd64 5.28.1-6
2020-04-23 03:03:54 configure libxml2-dev:amd64 2.9.4+dfsg1-7+b3 <none>
2020-04-23 03:03:54 status unpacked libxml2-dev:amd64 2.9.4+dfsg1-7+b3
2020-04-23 03:03:54 status half-configured libxml2-dev:amd64 2.9.4+dfsg1-7+b3
2020-04-23 03:03:54 status installed libxml2-dev:amd64 2.9.4+dfsg1-7+b3
2020-04-23 03:03:54 configure libgssapi-krb5-2:amd64 1.17-3 <none>
2020-04-23 03:03:54 status unpacked libgssapi-krb5-2:amd64 1.17-3
2020-04-23 03:03:54 status half-configured libgssapi-krb5-2:amd64 1.17-3
2020-04-23 03:03:54 status installed libgssapi-krb5-2:amd64 1.17-3
2020-04-23 03:03:54 configure libdpkg-perl:all 1.19.7 <none>
2020-04-23 03:03:54 status unpacked libdpkg-perl:all 1.19.7
2020-04-23 03:03:54 status half-configured libdpkg-perl:all 1.19.7
2020-04-23 03:03:54 status installed libdpkg-perl:all 1.19.7
2020-04-23 03:03:54 configure libgcc-8-dev:amd64 8.3.0-6 <none>
2020-04-23 03:03:54 status unpacked libgcc-8-dev:amd64 8.3.0-6
2020-04-23 03:03:54 status half-configured libgcc-8-dev:amd64 8.3.0-6
2020-04-23 03:03:54 status installed libgcc-8-dev:amd64 8.3.0-6
2020-04-23 03:03:54 configure cpp:amd64 4:8.3.0-1 <none>
2020-04-23 03:03:54 status unpacked cpp:amd64 4:8.3.0-1
2020-04-23 03:03:54 status half-configured cpp:amd64 4:8.3.0-1
2020-04-23 03:03:54 status installed cpp:amd64 4:8.3.0-1
2020-04-23 03:03:54 configure gpgconf:amd64 2.2.12-1+deb10u1 <none>
2020-04-23 03:03:54 status unpacked gpgconf:amd64 2.2.12-1+deb10u1
2020-04-23 03:03:54 status half-configured gpgconf:amd64 2.2.12-1+deb10u1
2020-04-23 03:03:54 status installed gpgconf:amd64 2.2.12-1+deb10u1
2020-04-23 03:03:54 configure libcurl4:amd64 7.64.0-4+deb10u1 <none>
2020-04-23 03:03:54 status unpacked libcurl4:amd64 7.64.0-4+deb10u1
2020-04-23 03:03:54 status half-configured libcurl4:amd64 7.64.0-4+deb10u1
2020-04-23 03:03:54 status installed libcurl4:amd64 7.64.0-4+deb10u1
2020-04-23 03:03:54 configure gpg:amd64 2.2.12-1+deb10u1 <none>
2020-04-23 03:03:54 status unpacked gpg:amd64 2.2.12-1+deb10u1
2020-04-23 03:03:54 status half-configured gpg:amd64 2.2.12-1+deb10u1
2020-04-23 03:03:54 status installed gpg:amd64 2.2.12-1+deb10u1
2020-04-23 03:03:54 configure gcc-8:amd64 8.3.0-6 <none>
2020-04-23 03:03:54 status unpacked gcc-8:amd64 8.3.0-6
2020-04-23 03:03:54 status half-configured gcc-8:amd64 8.3.0-6
2020-04-23 03:03:54 status installed gcc-8:amd64 8.3.0-6
2020-04-23 03:03:54 configure gpg-agent:amd64 2.2.12-1+deb10u1 <none>
2020-04-23 03:03:54 status unpacked gpg-agent:amd64 2.2.12-1+deb10u1
2020-04-23 03:03:54 status half-configured gpg-agent:amd64 2.2.12-1+deb10u1
2020-04-23 03:03:54 status installed gpg-agent:amd64 2.2.12-1+deb10u1
2020-04-23 03:03:55 configure gpgsm:amd64 2.2.12-1+deb10u1 <none>
2020-04-23 03:03:55 status unpacked gpgsm:amd64 2.2.12-1+deb10u1
2020-04-23 03:03:55 status half-configured gpgsm:amd64 2.2.12-1+deb10u1
2020-04-23 03:03:55 status installed gpgsm:amd64 2.2.12-1+deb10u1
2020-04-23 03:03:55 configure gcc:amd64 4:8.3.0-1 <none>
2020-04-23 03:03:55 status unpacked gcc:amd64 4:8.3.0-1
2020-04-23 03:03:55 status half-configured gcc:amd64 4:8.3.0-1
2020-04-23 03:03:55 status installed gcc:amd64 4:8.3.0-1
2020-04-23 03:03:55 configure dpkg-dev:all 1.19.7 <none>
2020-04-23 03:03:55 status unpacked dpkg-dev:all 1.19.7
2020-04-23 03:03:55 status half-configured dpkg-dev:all 1.19.7
2020-04-23 03:03:55 status installed dpkg-dev:all 1.19.7
2020-04-23 03:03:55 configure dirmngr:amd64 2.2.12-1+deb10u1 <none>
2020-04-23 03:03:55 status unpacked dirmngr:amd64 2.2.12-1+deb10u1
2020-04-23 03:03:55 status half-configured dirmngr:amd64 2.2.12-1+deb10u1
2020-04-23 03:03:55 status installed dirmngr:amd64 2.2.12-1+deb10u1
2020-04-23 03:03:55 configure libcurl4-openssl-dev:amd64 7.64.0-4+deb10u1 <none>
2020-04-23 03:03:55 status unpacked libcurl4-openssl-dev:amd64 7.64.0-4+deb10u1
2020-04-23 03:03:55 status half-configured libcurl4-openssl-dev:amd64 7.64.0-4+deb10u1
2020-04-23 03:03:55 status installed libcurl4-openssl-dev:amd64 7.64.0-4+deb10u1
2020-04-23 03:03:55 configure pkg-config:amd64 0.29-6 <none>
2020-04-23 03:03:55 status unpacked pkg-config:amd64 0.29-6
2020-04-23 03:03:55 status half-configured pkg-config:amd64 0.29-6
2020-04-23 03:03:55 status installed pkg-config:amd64 0.29-6
2020-04-23 03:03:55 configure gpg-wks-server:amd64 2.2.12-1+deb10u1 <none>
2020-04-23 03:03:55 status unpacked gpg-wks-server:amd64 2.2.12-1+deb10u1
2020-04-23 03:03:55 status half-configured gpg-wks-server:amd64 2.2.12-1+deb10u1
2020-04-23 03:03:55 status installed gpg-wks-server:amd64 2.2.12-1+deb10u1
2020-04-23 03:03:55 configure libnghttp2-dev:amd64 1.36.0-2+deb10u1 <none>
2020-04-23 03:03:55 status unpacked libnghttp2-dev:amd64 1.36.0-2+deb10u1
2020-04-23 03:03:55 status half-configured libnghttp2-dev:amd64 1.36.0-2+deb10u1
2020-04-23 03:03:55 status installed libnghttp2-dev:amd64 1.36.0-2+deb10u1
2020-04-23 03:03:55 configure gpg-wks-client:amd64 2.2.12-1+deb10u1 <none>
2020-04-23 03:03:55 status unpacked gpg-wks-client:amd64 2.2.12-1+deb10u1
2020-04-23 03:03:55 status half-configured gpg-wks-client:amd64 2.2.12-1+deb10u1
2020-04-23 03:03:55 status installed gpg-wks-client:amd64 2.2.12-1+deb10u1
2020-04-23 03:03:55 configure gnupg:all 2.2.12-1+deb10u1 <none>
2020-04-23 03:03:55 status unpacked gnupg:all 2.2.12-1+deb10u1
2020-04-23 03:03:55 status half-configured gnupg:all 2.2.12-1+deb10u1
2020-04-23 03:03:55 status installed gnupg:all 2.2.12-1+deb10u1
2020-04-23 03:03:55 trigproc libc-bin:amd64 2.28-10 <none>
2020-04-23 03:03:55 status half-configured libc-bin:amd64 2.28-10
2020-04-23 03:03:55 status installed libc-bin:amd64 2.28-10
2020-04-23 03:03:55 trigproc ca-certificates:all 20190110 <none>
2020-04-23 03:03:55 status half-configured ca-certificates:all 20190110
2020-04-23 03:03:55 status installed ca-certificates:all 20190110
2020-04-23 03:07:27 startup packages remove
2020-04-23 03:07:27 status installed gcc:amd64 4:8.3.0-1
2020-04-23 03:07:27 remove gcc:amd64 4:8.3.0-1 <none>
2020-04-23 03:07:27 status half-configured gcc:amd64 4:8.3.0-1
2020-04-23 03:07:27 status half-installed gcc:amd64 4:8.3.0-1
2020-04-23 03:07:27 status config-files gcc:amd64 4:8.3.0-1
2020-04-23 03:07:27 status not-installed gcc:amd64 <none>
2020-04-23 03:07:27 status installed gcc-8:amd64 8.3.0-6
2020-04-23 03:07:27 remove gcc-8:amd64 8.3.0-6 <none>
2020-04-23 03:07:27 status half-configured gcc-8:amd64 8.3.0-6
2020-04-23 03:07:27 status half-installed gcc-8:amd64 8.3.0-6
2020-04-23 03:07:27 status config-files gcc-8:amd64 8.3.0-6
2020-04-23 03:07:27 status not-installed gcc-8:amd64 <none>
2020-04-23 03:07:27 status installed dpkg-dev:all 1.19.7
2020-04-23 03:07:27 remove dpkg-dev:all 1.19.7 <none>
2020-04-23 03:07:27 status half-configured dpkg-dev:all 1.19.7
2020-04-23 03:07:27 status half-installed dpkg-dev:all 1.19.7
2020-04-23 03:07:27 status config-files dpkg-dev:all 1.19.7
2020-04-23 03:07:27 status installed binutils:amd64 2.31.1-16
2020-04-23 03:07:27 remove binutils:amd64 2.31.1-16 <none>
2020-04-23 03:07:27 status half-configured binutils:amd64 2.31.1-16
2020-04-23 03:07:27 status half-installed binutils:amd64 2.31.1-16
2020-04-23 03:07:27 status config-files binutils:amd64 2.31.1-16
2020-04-23 03:07:27 status not-installed binutils:amd64 <none>
2020-04-23 03:07:27 status installed binutils-x86-64-linux-gnu:amd64 2.31.1-16
2020-04-23 03:07:27 remove binutils-x86-64-linux-gnu:amd64 2.31.1-16 <none>
2020-04-23 03:07:27 status half-configured binutils-x86-64-linux-gnu:amd64 2.31.1-16
2020-04-23 03:07:27 status half-installed binutils-x86-64-linux-gnu:amd64 2.31.1-16
2020-04-23 03:07:27 status config-files binutils-x86-64-linux-gnu:amd64 2.31.1-16
2020-04-23 03:07:27 status not-installed binutils-x86-64-linux-gnu:amd64 <none>
2020-04-23 03:07:27 status installed libbinutils:amd64 2.31.1-16
2020-04-23 03:07:27 remove libbinutils:amd64 2.31.1-16 <none>
2020-04-23 03:07:27 status triggers-pending libc-bin:amd64 2.28-10
2020-04-23 03:07:27 status half-configured libbinutils:amd64 2.31.1-16
2020-04-23 03:07:27 status half-installed libbinutils:amd64 2.31.1-16
2020-04-23 03:07:27 status config-files libbinutils:amd64 2.31.1-16
2020-04-23 03:07:27 status not-installed libbinutils:amd64 <none>
2020-04-23 03:07:27 status installed binutils-common:amd64 2.31.1-16
2020-04-23 03:07:27 remove binutils-common:amd64 2.31.1-16 <none>
2020-04-23 03:07:27 status half-configured binutils-common:amd64 2.31.1-16
2020-04-23 03:07:27 status half-installed binutils-common:amd64 2.31.1-16
2020-04-23 03:07:27 status config-files binutils-common:amd64 2.31.1-16
2020-04-23 03:07:27 status not-installed binutils-common:amd64 <none>
2020-04-23 03:07:27 status installed bzip2:amd64 1.0.6-9.2~deb10u1
2020-04-23 03:07:27 remove bzip2:amd64 1.0.6-9.2~deb10u1 <none>
2020-04-23 03:07:27 status half-configured bzip2:amd64 1.0.6-9.2~deb10u1
2020-04-23 03:07:27 status half-installed bzip2:amd64 1.0.6-9.2~deb10u1
2020-04-23 03:07:27 status config-files bzip2:amd64 1.0.6-9.2~deb10u1
2020-04-23 03:07:27 status not-installed bzip2:amd64 <none>
2020-04-23 03:07:27 status installed ca-certificates:all 20190110
2020-04-23 03:07:27 remove ca-certificates:all 20190110 <none>
2020-04-23 03:07:27 status half-configured ca-certificates:all 20190110
2020-04-23 03:07:27 status half-installed ca-certificates:all 20190110
2020-04-23 03:07:28 status config-files ca-certificates:all 20190110
2020-04-23 03:07:28 status installed cpp:amd64 4:8.3.0-1
2020-04-23 03:07:28 remove cpp:amd64 4:8.3.0-1 <none>
2020-04-23 03:07:28 status half-configured cpp:amd64 4:8.3.0-1
2020-04-23 03:07:28 status half-installed cpp:amd64 4:8.3.0-1
2020-04-23 03:07:28 status config-files cpp:amd64 4:8.3.0-1
2020-04-23 03:07:28 status not-installed cpp:amd64 <none>
2020-04-23 03:07:28 status installed cpp-8:amd64 8.3.0-6
2020-04-23 03:07:28 remove cpp-8:amd64 8.3.0-6 <none>
2020-04-23 03:07:28 status half-configured cpp-8:amd64 8.3.0-6
2020-04-23 03:07:28 status half-installed cpp-8:amd64 8.3.0-6
2020-04-23 03:07:28 status config-files cpp-8:amd64 8.3.0-6
2020-04-23 03:07:28 status not-installed cpp-8:amd64 <none>
2020-04-23 03:07:28 status installed gnupg:all 2.2.12-1+deb10u1
2020-04-23 03:07:28 remove gnupg:all 2.2.12-1+deb10u1 <none>
2020-04-23 03:07:28 status half-configured gnupg:all 2.2.12-1+deb10u1
2020-04-23 03:07:28 status half-installed gnupg:all 2.2.12-1+deb10u1
2020-04-23 03:07:28 status config-files gnupg:all 2.2.12-1+deb10u1
2020-04-23 03:07:28 status not-installed gnupg:all <none>
2020-04-23 03:07:28 status installed gpg-wks-client:amd64 2.2.12-1+deb10u1
2020-04-23 03:07:28 remove gpg-wks-client:amd64 2.2.12-1+deb10u1 <none>
2020-04-23 03:07:28 status half-configured gpg-wks-client:amd64 2.2.12-1+deb10u1
2020-04-23 03:07:28 status half-installed gpg-wks-client:amd64 2.2.12-1+deb10u1
2020-04-23 03:07:28 status config-files gpg-wks-client:amd64 2.2.12-1+deb10u1
2020-04-23 03:07:28 status not-installed gpg-wks-client:amd64 <none>
2020-04-23 03:07:28 status installed dirmngr:amd64 2.2.12-1+deb10u1
2020-04-23 03:07:28 remove dirmngr:amd64 2.2.12-1+deb10u1 <none>
2020-04-23 03:07:28 status half-configured dirmngr:amd64 2.2.12-1+deb10u1
2020-04-23 03:07:28 status half-installed dirmngr:amd64 2.2.12-1+deb10u1
2020-04-23 03:07:28 status config-files dirmngr:amd64 2.2.12-1+deb10u1
2020-04-23 03:07:28 status installed gnupg-l10n:all 2.2.12-1+deb10u1
2020-04-23 03:07:28 remove gnupg-l10n:all 2.2.12-1+deb10u1 <none>
2020-04-23 03:07:28 status half-configured gnupg-l10n:all 2.2.12-1+deb10u1
2020-04-23 03:07:28 status half-installed gnupg-l10n:all 2.2.12-1+deb10u1
2020-04-23 03:07:28 status config-files gnupg-l10n:all 2.2.12-1+deb10u1
2020-04-23 03:07:28 status not-installed gnupg-l10n:all <none>
2020-04-23 03:07:28 status installed gnupg-utils:amd64 2.2.12-1+deb10u1
2020-04-23 03:07:28 remove gnupg-utils:amd64 2.2.12-1+deb10u1 <none>
2020-04-23 03:07:28 status half-configured gnupg-utils:amd64 2.2.12-1+deb10u1
2020-04-23 03:07:28 status half-installed gnupg-utils:amd64 2.2.12-1+deb10u1
2020-04-23 03:07:28 status config-files gnupg-utils:amd64 2.2.12-1+deb10u1
2020-04-23 03:07:28 status not-installed gnupg-utils:amd64 <none>
2020-04-23 03:07:28 status installed gpg-wks-server:amd64 2.2.12-1+deb10u1
2020-04-23 03:07:28 remove gpg-wks-server:amd64 2.2.12-1+deb10u1 <none>
2020-04-23 03:07:28 status half-configured gpg-wks-server:amd64 2.2.12-1+deb10u1
2020-04-23 03:07:28 status half-installed gpg-wks-server:amd64 2.2.12-1+deb10u1
2020-04-23 03:07:28 status config-files gpg-wks-server:amd64 2.2.12-1+deb10u1
2020-04-23 03:07:28 status not-installed gpg-wks-server:amd64 <none>
2020-04-23 03:07:28 status installed gpg:amd64 2.2.12-1+deb10u1
2020-04-23 03:07:28 remove gpg:amd64 2.2.12-1+deb10u1 <none>
2020-04-23 03:07:28 status half-configured gpg:amd64 2.2.12-1+deb10u1
2020-04-23 03:07:28 status half-installed gpg:amd64 2.2.12-1+deb10u1
2020-04-23 03:07:28 status config-files gpg:amd64 2.2.12-1+deb10u1
2020-04-23 03:07:28 status not-installed gpg:amd64 <none>
2020-04-23 03:07:28 status installed gpg-agent:amd64 2.2.12-1+deb10u1
2020-04-23 03:07:28 remove gpg-agent:amd64 2.2.12-1+deb10u1 <none>
2020-04-23 03:07:28 status half-configured gpg-agent:amd64 2.2.12-1+deb10u1
2020-04-23 03:07:28 status half-installed gpg-agent:amd64 2.2.12-1+deb10u1
2020-04-23 03:07:28 status config-files gpg-agent:amd64 2.2.12-1+deb10u1
2020-04-23 03:07:28 status installed gpgsm:amd64 2.2.12-1+deb10u1
2020-04-23 03:07:28 remove gpgsm:amd64 2.2.12-1+deb10u1 <none>
2020-04-23 03:07:28 status half-configured gpgsm:amd64 2.2.12-1+deb10u1
2020-04-23 03:07:28 status half-installed gpgsm:amd64 2.2.12-1+deb10u1
2020-04-23 03:07:28 status config-files gpgsm:amd64 2.2.12-1+deb10u1
2020-04-23 03:07:28 status not-installed gpgsm:amd64 <none>
2020-04-23 03:07:28 status installed gpgconf:amd64 2.2.12-1+deb10u1
2020-04-23 03:07:28 remove gpgconf:amd64 2.2.12-1+deb10u1 <none>
2020-04-23 03:07:28 status half-configured gpgconf:amd64 2.2.12-1+deb10u1
2020-04-23 03:07:28 status half-installed gpgconf:amd64 2.2.12-1+deb10u1
2020-04-23 03:07:28 status config-files gpgconf:amd64 2.2.12-1+deb10u1
2020-04-23 03:07:28 status not-installed gpgconf:amd64 <none>
2020-04-23 03:07:28 status installed libxml2-dev:amd64 2.9.4+dfsg1-7+b3
2020-04-23 03:07:28 remove libxml2-dev:amd64 2.9.4+dfsg1-7+b3 <none>
2020-04-23 03:07:28 status half-configured libxml2-dev:amd64 2.9.4+dfsg1-7+b3
2020-04-23 03:07:28 status half-installed libxml2-dev:amd64 2.9.4+dfsg1-7+b3
2020-04-23 03:07:28 status config-files libxml2-dev:amd64 2.9.4+dfsg1-7+b3
2020-04-23 03:07:28 status not-installed libxml2-dev:amd64 <none>
2020-04-23 03:07:28 status installed libicu-dev:amd64 63.1-6+deb10u1
2020-04-23 03:07:28 remove libicu-dev:amd64 63.1-6+deb10u1 <none>
2020-04-23 03:07:28 status half-configured libicu-dev:amd64 63.1-6+deb10u1
2020-04-23 03:07:28 status half-installed libicu-dev:amd64 63.1-6+deb10u1
2020-04-23 03:07:28 status config-files libicu-dev:amd64 63.1-6+deb10u1
2020-04-23 03:07:28 status not-installed libicu-dev:amd64 <none>
2020-04-23 03:07:28 status installed icu-devtools:amd64 63.1-6+deb10u1
2020-04-23 03:07:28 remove icu-devtools:amd64 63.1-6+deb10u1 <none>
2020-04-23 03:07:28 status half-configured icu-devtools:amd64 63.1-6+deb10u1
2020-04-23 03:07:28 status half-installed icu-devtools:amd64 63.1-6+deb10u1
2020-04-23 03:07:28 status config-files icu-devtools:amd64 63.1-6+deb10u1
2020-04-23 03:07:28 status not-installed icu-devtools:amd64 <none>
2020-04-23 03:07:28 status installed libgcc-8-dev:amd64 8.3.0-6
2020-04-23 03:07:28 remove libgcc-8-dev:amd64 8.3.0-6 <none>
2020-04-23 03:07:28 status half-configured libgcc-8-dev:amd64 8.3.0-6
2020-04-23 03:07:28 status half-installed libgcc-8-dev:amd64 8.3.0-6
2020-04-23 03:07:28 status config-files libgcc-8-dev:amd64 8.3.0-6
2020-04-23 03:07:28 status not-installed libgcc-8-dev:amd64 <none>
2020-04-23 03:07:28 status installed libasan5:amd64 8.3.0-6
2020-04-23 03:07:28 remove libasan5:amd64 8.3.0-6 <none>
2020-04-23 03:07:28 status half-configured libasan5:amd64 8.3.0-6
2020-04-23 03:07:28 status half-installed libasan5:amd64 8.3.0-6
2020-04-23 03:07:28 status config-files libasan5:amd64 8.3.0-6
2020-04-23 03:07:28 status not-installed libasan5:amd64 <none>
2020-04-23 03:07:28 status installed pinentry-curses:amd64 1.1.0-2
2020-04-23 03:07:28 remove pinentry-curses:amd64 1.1.0-2 <none>
2020-04-23 03:07:28 status half-configured pinentry-curses:amd64 1.1.0-2
2020-04-23 03:07:28 status half-installed pinentry-curses:amd64 1.1.0-2
2020-04-23 03:07:28 status config-files pinentry-curses:amd64 1.1.0-2
2020-04-23 03:07:28 status not-installed pinentry-curses:amd64 <none>
2020-04-23 03:07:28 status installed libassuan0:amd64 2.5.2-1
2020-04-23 03:07:28 remove libassuan0:amd64 2.5.2-1 <none>
2020-04-23 03:07:28 status half-configured libassuan0:amd64 2.5.2-1
2020-04-23 03:07:28 status half-installed libassuan0:amd64 2.5.2-1
2020-04-23 03:07:28 status config-files libassuan0:amd64 2.5.2-1
2020-04-23 03:07:28 status not-installed libassuan0:amd64 <none>
2020-04-23 03:07:28 status installed libatomic1:amd64 8.3.0-6
2020-04-23 03:07:28 remove libatomic1:amd64 8.3.0-6 <none>
2020-04-23 03:07:28 status half-configured libatomic1:amd64 8.3.0-6
2020-04-23 03:07:28 status half-installed libatomic1:amd64 8.3.0-6
2020-04-23 03:07:28 status config-files libatomic1:amd64 8.3.0-6
2020-04-23 03:07:28 status not-installed libatomic1:amd64 <none>
2020-04-23 03:07:28 status installed libbrotli-dev:amd64 1.0.7-2
2020-04-23 03:07:28 remove libbrotli-dev:amd64 1.0.7-2 <none>
2020-04-23 03:07:28 status half-configured libbrotli-dev:amd64 1.0.7-2
2020-04-23 03:07:28 status half-installed libbrotli-dev:amd64 1.0.7-2
2020-04-23 03:07:28 status config-files libbrotli-dev:amd64 1.0.7-2
2020-04-23 03:07:28 status not-installed libbrotli-dev:amd64 <none>
2020-04-23 03:07:28 status installed libcc1-0:amd64 8.3.0-6
2020-04-23 03:07:28 remove libcc1-0:amd64 8.3.0-6 <none>
2020-04-23 03:07:28 status half-configured libcc1-0:amd64 8.3.0-6
2020-04-23 03:07:28 status half-installed libcc1-0:amd64 8.3.0-6
2020-04-23 03:07:28 status config-files libcc1-0:amd64 8.3.0-6
2020-04-23 03:07:28 status not-installed libcc1-0:amd64 <none>
2020-04-23 03:07:28 status installed libcurl4-openssl-dev:amd64 7.64.0-4+deb10u1
2020-04-23 03:07:28 remove libcurl4-openssl-dev:amd64 7.64.0-4+deb10u1 <none>
2020-04-23 03:07:28 status half-configured libcurl4-openssl-dev:amd64 7.64.0-4+deb10u1
2020-04-23 03:07:28 status half-installed libcurl4-openssl-dev:amd64 7.64.0-4+deb10u1
2020-04-23 03:07:28 status config-files libcurl4-openssl-dev:amd64 7.64.0-4+deb10u1
2020-04-23 03:07:28 status not-installed libcurl4-openssl-dev:amd64 <none>
2020-04-23 03:07:28 status installed libnghttp2-dev:amd64 1.36.0-2+deb10u1
2020-04-23 03:07:28 remove libnghttp2-dev:amd64 1.36.0-2+deb10u1 <none>
2020-04-23 03:07:28 status half-configured libnghttp2-dev:amd64 1.36.0-2+deb10u1
2020-04-23 03:07:28 status half-installed libnghttp2-dev:amd64 1.36.0-2+deb10u1
2020-04-23 03:07:28 status config-files libnghttp2-dev:amd64 1.36.0-2+deb10u1
2020-04-23 03:07:28 status not-installed libnghttp2-dev:amd64 <none>
2020-04-23 03:07:28 status installed pkg-config:amd64 0.29-6
2020-04-23 03:07:28 remove pkg-config:amd64 0.29-6 <none>
2020-04-23 03:07:28 status half-configured pkg-config:amd64 0.29-6
2020-04-23 03:07:29 status half-installed pkg-config:amd64 0.29-6
2020-04-23 03:07:29 status config-files pkg-config:amd64 0.29-6
2020-04-23 03:07:29 status installed libdpkg-perl:all 1.19.7
2020-04-23 03:07:29 remove libdpkg-perl:all 1.19.7 <none>
2020-04-23 03:07:29 status half-configured libdpkg-perl:all 1.19.7
2020-04-23 03:07:29 status half-installed libdpkg-perl:all 1.19.7
2020-04-23 03:07:29 status config-files libdpkg-perl:all 1.19.7
2020-04-23 03:07:29 status not-installed libdpkg-perl:all <none>
2020-04-23 03:07:29 status installed perl:amd64 5.28.1-6
2020-04-23 03:07:29 remove perl:amd64 5.28.1-6 <none>
2020-04-23 03:07:29 status half-configured perl:amd64 5.28.1-6
2020-04-23 03:07:29 status half-installed perl:amd64 5.28.1-6
2020-04-23 03:07:29 status config-files perl:amd64 5.28.1-6
2020-04-23 03:07:29 status installed libperl5.28:amd64 5.28.1-6
2020-04-23 03:07:29 remove libperl5.28:amd64 5.28.1-6 <none>
2020-04-23 03:07:29 status half-configured libperl5.28:amd64 5.28.1-6
2020-04-23 03:07:29 status half-installed libperl5.28:amd64 5.28.1-6
2020-04-23 03:07:29 status config-files libperl5.28:amd64 5.28.1-6
2020-04-23 03:07:29 status not-installed libperl5.28:amd64 <none>
2020-04-23 03:07:29 status installed libgdbm-compat4:amd64 1.18.1-4
2020-04-23 03:07:29 remove libgdbm-compat4:amd64 1.18.1-4 <none>
2020-04-23 03:07:29 status half-configured libgdbm-compat4:amd64 1.18.1-4
2020-04-23 03:07:29 status half-installed libgdbm-compat4:amd64 1.18.1-4
2020-04-23 03:07:29 status config-files libgdbm-compat4:amd64 1.18.1-4
2020-04-23 03:07:29 status not-installed libgdbm-compat4:amd64 <none>
2020-04-23 03:07:29 status installed libglib2.0-0:amd64 2.58.3-2+deb10u2
2020-04-23 03:07:29 remove libglib2.0-0:amd64 2.58.3-2+deb10u2 <none>
2020-04-23 03:07:29 status half-configured libglib2.0-0:amd64 2.58.3-2+deb10u2
2020-04-23 03:07:29 status half-installed libglib2.0-0:amd64 2.58.3-2+deb10u2
2020-04-23 03:07:29 status config-files libglib2.0-0:amd64 2.58.3-2+deb10u2
2020-04-23 03:07:29 status installed libgomp1:amd64 8.3.0-6
2020-04-23 03:07:29 remove libgomp1:amd64 8.3.0-6 <none>
2020-04-23 03:07:29 status half-configured libgomp1:amd64 8.3.0-6
2020-04-23 03:07:29 status half-installed libgomp1:amd64 8.3.0-6
2020-04-23 03:07:29 status config-files libgomp1:amd64 8.3.0-6
2020-04-23 03:07:29 status not-installed libgomp1:amd64 <none>
2020-04-23 03:07:29 status installed libisl19:amd64 0.20-2
2020-04-23 03:07:29 remove libisl19:amd64 0.20-2 <none>
2020-04-23 03:07:29 status half-configured libisl19:amd64 0.20-2
2020-04-23 03:07:29 status half-installed libisl19:amd64 0.20-2
2020-04-23 03:07:29 status config-files libisl19:amd64 0.20-2
2020-04-23 03:07:29 status not-installed libisl19:amd64 <none>
2020-04-23 03:07:29 status installed libitm1:amd64 8.3.0-6
2020-04-23 03:07:29 remove libitm1:amd64 8.3.0-6 <none>
2020-04-23 03:07:29 status half-configured libitm1:amd64 8.3.0-6
2020-04-23 03:07:29 status half-installed libitm1:amd64 8.3.0-6
2020-04-23 03:07:29 status config-files libitm1:amd64 8.3.0-6
2020-04-23 03:07:29 status not-installed libitm1:amd64 <none>
2020-04-23 03:07:29 status installed libjansson-dev:amd64 2.12-1
2020-04-23 03:07:29 remove libjansson-dev:amd64 2.12-1 <none>
2020-04-23 03:07:29 status half-configured libjansson-dev:amd64 2.12-1
2020-04-23 03:07:29 status half-installed libjansson-dev:amd64 2.12-1
2020-04-23 03:07:29 status config-files libjansson-dev:amd64 2.12-1
2020-04-23 03:07:29 status not-installed libjansson-dev:amd64 <none>
2020-04-23 03:07:29 status installed libksba8:amd64 1.3.5-2
2020-04-23 03:07:29 remove libksba8:amd64 1.3.5-2 <none>
2020-04-23 03:07:29 status half-configured libksba8:amd64 1.3.5-2
2020-04-23 03:07:29 status half-installed libksba8:amd64 1.3.5-2
2020-04-23 03:07:29 status config-files libksba8:amd64 1.3.5-2
2020-04-23 03:07:29 status not-installed libksba8:amd64 <none>
2020-04-23 03:07:29 status installed liblsan0:amd64 8.3.0-6
2020-04-23 03:07:29 remove liblsan0:amd64 8.3.0-6 <none>
2020-04-23 03:07:29 status half-configured liblsan0:amd64 8.3.0-6
2020-04-23 03:07:29 status half-installed liblsan0:amd64 8.3.0-6
2020-04-23 03:07:29 status config-files liblsan0:amd64 8.3.0-6
2020-04-23 03:07:29 status not-installed liblsan0:amd64 <none>
2020-04-23 03:07:29 status installed liblua5.2-dev:amd64 5.2.4-1.1+b2
2020-04-23 03:07:29 remove liblua5.2-dev:amd64 5.2.4-1.1+b2 <none>
2020-04-23 03:07:29 status half-configured liblua5.2-dev:amd64 5.2.4-1.1+b2
2020-04-23 03:07:29 status half-installed liblua5.2-dev:amd64 5.2.4-1.1+b2
2020-04-23 03:07:29 status config-files liblua5.2-dev:amd64 5.2.4-1.1+b2
2020-04-23 03:07:29 status not-installed liblua5.2-dev:amd64 <none>
2020-04-23 03:07:29 status installed libmpc3:amd64 1.1.0-1
2020-04-23 03:07:29 remove libmpc3:amd64 1.1.0-1 <none>
2020-04-23 03:07:29 status half-configured libmpc3:amd64 1.1.0-1
2020-04-23 03:07:29 status half-installed libmpc3:amd64 1.1.0-1
2020-04-23 03:07:29 status config-files libmpc3:amd64 1.1.0-1
2020-04-23 03:07:29 status not-installed libmpc3:amd64 <none>
2020-04-23 03:07:29 status installed libmpfr6:amd64 4.0.2-1
2020-04-23 03:07:29 remove libmpfr6:amd64 4.0.2-1 <none>
2020-04-23 03:07:29 status half-configured libmpfr6:amd64 4.0.2-1
2020-04-23 03:07:29 status half-installed libmpfr6:amd64 4.0.2-1
2020-04-23 03:07:29 status config-files libmpfr6:amd64 4.0.2-1
2020-04-23 03:07:29 status not-installed libmpfr6:amd64 <none>
2020-04-23 03:07:29 status installed libmpx2:amd64 8.3.0-6
2020-04-23 03:07:29 remove libmpx2:amd64 8.3.0-6 <none>
2020-04-23 03:07:29 status half-configured libmpx2:amd64 8.3.0-6
2020-04-23 03:07:29 status half-installed libmpx2:amd64 8.3.0-6
2020-04-23 03:07:29 status config-files libmpx2:amd64 8.3.0-6
2020-04-23 03:07:29 status not-installed libmpx2:amd64 <none>
2020-04-23 03:07:29 status installed libreadline-dev:amd64 7.0-5
2020-04-23 03:07:29 remove libreadline-dev:amd64 7.0-5 <none>
2020-04-23 03:07:29 status half-configured libreadline-dev:amd64 7.0-5
2020-04-23 03:07:29 status half-installed libreadline-dev:amd64 7.0-5
2020-04-23 03:07:29 status config-files libreadline-dev:amd64 7.0-5
2020-04-23 03:07:29 status not-installed libreadline-dev:amd64 <none>
2020-04-23 03:07:29 status installed libncurses-dev:amd64 6.1+20181013-2+deb10u2
2020-04-23 03:07:29 remove libncurses-dev:amd64 6.1+20181013-2+deb10u2 <none>
2020-04-23 03:07:29 status half-configured libncurses-dev:amd64 6.1+20181013-2+deb10u2
2020-04-23 03:07:29 status half-installed libncurses-dev:amd64 6.1+20181013-2+deb10u2
2020-04-23 03:07:29 status config-files libncurses-dev:amd64 6.1+20181013-2+deb10u2
2020-04-23 03:07:29 status not-installed libncurses-dev:amd64 <none>
2020-04-23 03:07:29 status installed libncurses6:amd64 6.1+20181013-2+deb10u2
2020-04-23 03:07:29 remove libncurses6:amd64 6.1+20181013-2+deb10u2 <none>
2020-04-23 03:07:29 status half-configured libncurses6:amd64 6.1+20181013-2+deb10u2
2020-04-23 03:07:29 status half-installed libncurses6:amd64 6.1+20181013-2+deb10u2
2020-04-23 03:07:29 status config-files libncurses6:amd64 6.1+20181013-2+deb10u2
2020-04-23 03:07:29 status not-installed libncurses6:amd64 <none>
2020-04-23 03:07:29 status installed libnpth0:amd64 1.6-1
2020-04-23 03:07:29 remove libnpth0:amd64 1.6-1 <none>
2020-04-23 03:07:29 status half-configured libnpth0:amd64 1.6-1
2020-04-23 03:07:29 status half-installed libnpth0:amd64 1.6-1
2020-04-23 03:07:29 status config-files libnpth0:amd64 1.6-1
2020-04-23 03:07:29 status not-installed libnpth0:amd64 <none>
2020-04-23 03:07:29 status installed libpcre3-dev:amd64 2:8.39-12
2020-04-23 03:07:29 remove libpcre3-dev:amd64 2:8.39-12 <none>
2020-04-23 03:07:29 status half-configured libpcre3-dev:amd64 2:8.39-12
2020-04-23 03:07:29 status half-installed libpcre3-dev:amd64 2:8.39-12
2020-04-23 03:07:29 status config-files libpcre3-dev:amd64 2:8.39-12
2020-04-23 03:07:29 status not-installed libpcre3-dev:amd64 <none>
2020-04-23 03:07:29 status installed libpcre16-3:amd64 2:8.39-12
2020-04-23 03:07:29 remove libpcre16-3:amd64 2:8.39-12 <none>
2020-04-23 03:07:29 status half-configured libpcre16-3:amd64 2:8.39-12
2020-04-23 03:07:29 status half-installed libpcre16-3:amd64 2:8.39-12
2020-04-23 03:07:29 status config-files libpcre16-3:amd64 2:8.39-12
2020-04-23 03:07:29 status not-installed libpcre16-3:amd64 <none>
2020-04-23 03:07:29 status installed wget:amd64 1.20.1-1.1
2020-04-23 03:07:29 remove wget:amd64 1.20.1-1.1 <none>
2020-04-23 03:07:29 status half-configured wget:amd64 1.20.1-1.1
2020-04-23 03:07:29 status half-installed wget:amd64 1.20.1-1.1
2020-04-23 03:07:29 status config-files wget:amd64 1.20.1-1.1
2020-04-23 03:07:29 status installed libpcre2-8-0:amd64 10.32-5
2020-04-23 03:07:29 remove libpcre2-8-0:amd64 10.32-5 <none>
2020-04-23 03:07:29 status half-configured libpcre2-8-0:amd64 10.32-5
2020-04-23 03:07:29 status half-installed libpcre2-8-0:amd64 10.32-5
2020-04-23 03:07:29 status config-files libpcre2-8-0:amd64 10.32-5
2020-04-23 03:07:29 status not-installed libpcre2-8-0:amd64 <none>
2020-04-23 03:07:29 status installed libpcre32-3:amd64 2:8.39-12
2020-04-23 03:07:29 remove libpcre32-3:amd64 2:8.39-12 <none>
2020-04-23 03:07:29 status half-configured libpcre32-3:amd64 2:8.39-12
2020-04-23 03:07:29 status half-installed libpcre32-3:amd64 2:8.39-12
2020-04-23 03:07:29 status config-files libpcre32-3:amd64 2:8.39-12
2020-04-23 03:07:29 status not-installed libpcre32-3:amd64 <none>
2020-04-23 03:07:29 status installed libpcrecpp0v5:amd64 2:8.39-12
2020-04-23 03:07:29 remove libpcrecpp0v5:amd64 2:8.39-12 <none>
2020-04-23 03:07:29 status half-configured libpcrecpp0v5:amd64 2:8.39-12
2020-04-23 03:07:29 status half-installed libpcrecpp0v5:amd64 2:8.39-12
2020-04-23 03:07:29 status config-files libpcrecpp0v5:amd64 2:8.39-12
2020-04-23 03:07:29 status not-installed libpcrecpp0v5:amd64 <none>
2020-04-23 03:07:29 status installed libquadmath0:amd64 8.3.0-6
2020-04-23 03:07:29 remove libquadmath0:amd64 8.3.0-6 <none>
2020-04-23 03:07:29 status half-configured libquadmath0:amd64 8.3.0-6
2020-04-23 03:07:29 status half-installed libquadmath0:amd64 8.3.0-6
2020-04-23 03:07:29 status config-files libquadmath0:amd64 8.3.0-6
2020-04-23 03:07:29 status not-installed libquadmath0:amd64 <none>
2020-04-23 03:07:29 status installed libreadline7:amd64 7.0-5
2020-04-23 03:07:29 remove libreadline7:amd64 7.0-5 <none>
2020-04-23 03:07:29 status half-configured libreadline7:amd64 7.0-5
2020-04-23 03:07:29 status half-installed libreadline7:amd64 7.0-5
2020-04-23 03:07:29 status config-files libreadline7:amd64 7.0-5
2020-04-23 03:07:29 status not-installed libreadline7:amd64 <none>
2020-04-23 03:07:29 status installed libsqlite3-0:amd64 3.27.2-3
2020-04-23 03:07:29 remove libsqlite3-0:amd64 3.27.2-3 <none>
2020-04-23 03:07:29 status half-configured libsqlite3-0:amd64 3.27.2-3
2020-04-23 03:07:29 status half-installed libsqlite3-0:amd64 3.27.2-3
2020-04-23 03:07:29 status config-files libsqlite3-0:amd64 3.27.2-3
2020-04-23 03:07:29 status not-installed libsqlite3-0:amd64 <none>
2020-04-23 03:07:30 status installed libssl-dev:amd64 1.1.1d-0+deb10u3
2020-04-23 03:07:30 remove libssl-dev:amd64 1.1.1d-0+deb10u3 <none>
2020-04-23 03:07:30 status half-configured libssl-dev:amd64 1.1.1d-0+deb10u3
2020-04-23 03:07:30 status half-installed libssl-dev:amd64 1.1.1d-0+deb10u3
2020-04-23 03:07:30 status config-files libssl-dev:amd64 1.1.1d-0+deb10u3
2020-04-23 03:07:30 status not-installed libssl-dev:amd64 <none>
2020-04-23 03:07:30 status installed libtsan0:amd64 8.3.0-6
2020-04-23 03:07:30 remove libtsan0:amd64 8.3.0-6 <none>
2020-04-23 03:07:30 status half-configured libtsan0:amd64 8.3.0-6
2020-04-23 03:07:30 status half-installed libtsan0:amd64 8.3.0-6
2020-04-23 03:07:30 status config-files libtsan0:amd64 8.3.0-6
2020-04-23 03:07:30 status not-installed libtsan0:amd64 <none>
2020-04-23 03:07:30 status installed libubsan1:amd64 8.3.0-6
2020-04-23 03:07:30 remove libubsan1:amd64 8.3.0-6 <none>
2020-04-23 03:07:30 status half-configured libubsan1:amd64 8.3.0-6
2020-04-23 03:07:30 status half-installed libubsan1:amd64 8.3.0-6
2020-04-23 03:07:30 status config-files libubsan1:amd64 8.3.0-6
2020-04-23 03:07:30 status not-installed libubsan1:amd64 <none>
2020-04-23 03:07:30 status installed make:amd64 4.2.1-1.2
2020-04-23 03:07:30 remove make:amd64 4.2.1-1.2 <none>
2020-04-23 03:07:30 status half-configured make:amd64 4.2.1-1.2
2020-04-23 03:07:30 status half-installed make:amd64 4.2.1-1.2
2020-04-23 03:07:30 status config-files make:amd64 4.2.1-1.2
2020-04-23 03:07:30 status not-installed make:amd64 <none>
2020-04-23 03:07:30 status installed openssl:amd64 1.1.1d-0+deb10u3
2020-04-23 03:07:30 remove openssl:amd64 1.1.1d-0+deb10u3 <none>
2020-04-23 03:07:30 status half-configured openssl:amd64 1.1.1d-0+deb10u3
2020-04-23 03:07:30 status half-installed openssl:amd64 1.1.1d-0+deb10u3
2020-04-23 03:07:30 status config-files openssl:amd64 1.1.1d-0+deb10u3
2020-04-23 03:07:30 status installed patch:amd64 2.7.6-3+deb10u1
2020-04-23 03:07:30 remove patch:amd64 2.7.6-3+deb10u1 <none>
2020-04-23 03:07:30 status half-configured patch:amd64 2.7.6-3+deb10u1
2020-04-23 03:07:30 status half-installed patch:amd64 2.7.6-3+deb10u1
2020-04-23 03:07:30 status config-files patch:amd64 2.7.6-3+deb10u1
2020-04-23 03:07:30 status not-installed patch:amd64 <none>
2020-04-23 03:07:30 status installed perl-modules-5.28:all 5.28.1-6
2020-04-23 03:07:30 remove perl-modules-5.28:all 5.28.1-6 <none>
2020-04-23 03:07:30 status half-configured perl-modules-5.28:all 5.28.1-6
2020-04-23 03:07:30 status half-installed perl-modules-5.28:all 5.28.1-6
2020-04-23 03:07:30 status config-files perl-modules-5.28:all 5.28.1-6
2020-04-23 03:07:30 status not-installed perl-modules-5.28:all <none>
2020-04-23 03:07:30 status installed readline-common:all 7.0-5
2020-04-23 03:07:30 remove readline-common:all 7.0-5 <none>
2020-04-23 03:07:30 status half-configured readline-common:all 7.0-5
2020-04-23 03:07:30 status half-installed readline-common:all 7.0-5
2020-04-23 03:07:30 status config-files readline-common:all 7.0-5
2020-04-23 03:07:30 status installed xz-utils:amd64 5.2.4-1
2020-04-23 03:07:30 remove xz-utils:amd64 5.2.4-1 <none>
2020-04-23 03:07:30 status half-configured xz-utils:amd64 5.2.4-1
2020-04-23 03:07:30 status half-installed xz-utils:amd64 5.2.4-1
2020-04-23 03:07:30 status config-files xz-utils:amd64 5.2.4-1
2020-04-23 03:07:30 status not-installed xz-utils:amd64 <none>
2020-04-23 03:07:30 status installed zlib1g-dev:amd64 1:1.2.11.dfsg-1
2020-04-23 03:07:30 remove zlib1g-dev:amd64 1:1.2.11.dfsg-1 <none>
2020-04-23 03:07:30 status half-configured zlib1g-dev:amd64 1:1.2.11.dfsg-1
2020-04-23 03:07:30 status half-installed zlib1g-dev:amd64 1:1.2.11.dfsg-1
2020-04-23 03:07:30 status config-files zlib1g-dev:amd64 1:1.2.11.dfsg-1
2020-04-23 03:07:30 status not-installed zlib1g-dev:amd64 <none>
2020-04-23 03:07:30 startup packages configure
2020-04-23 03:07:30 trigproc libc-bin:amd64 2.28-10 <none>
2020-04-23 03:07:30 status half-configured libc-bin:amd64 2.28-10
2020-04-23 03:07:30 status installed libc-bin:amd64 2.28-10
2020-04-23 03:07:30 startup packages purge
2020-04-23 03:07:30 purge gpg-agent:amd64 2.2.12-1+deb10u1 <none>
2020-04-23 03:07:30 status config-files gpg-agent:amd64 2.2.12-1+deb10u1
2020-04-23 03:07:30 status not-installed gpg-agent:amd64 <none>
2020-04-23 03:07:30 purge wget:amd64 1.20.1-1.1 <none>
2020-04-23 03:07:30 status config-files wget:amd64 1.20.1-1.1
2020-04-23 03:07:30 status not-installed wget:amd64 <none>
2020-04-23 03:07:30 purge libglib2.0-0:amd64 2.58.3-2+deb10u2 <none>
2020-04-23 03:07:30 status config-files libglib2.0-0:amd64 2.58.3-2+deb10u2
2020-04-23 03:07:30 status not-installed libglib2.0-0:amd64 <none>
2020-04-23 03:07:30 purge dpkg-dev:all 1.19.7 <none>
2020-04-23 03:07:30 status config-files dpkg-dev:all 1.19.7
2020-04-23 03:07:30 status not-installed dpkg-dev:all <none>
2020-04-23 03:07:30 purge dirmngr:amd64 2.2.12-1+deb10u1 <none>
2020-04-23 03:07:30 status config-files dirmngr:amd64 2.2.12-1+deb10u1
2020-04-23 03:07:30 status not-installed dirmngr:amd64 <none>
2020-04-23 03:07:30 purge ca-certificates:all 20190110 <none>
2020-04-23 03:07:30 status config-files ca-certificates:all 20190110
2020-04-23 03:07:30 status not-installed ca-certificates:all <none>
2020-04-23 03:07:30 purge perl:amd64 5.28.1-6 <none>
2020-04-23 03:07:30 status config-files perl:amd64 5.28.1-6
2020-04-23 03:07:30 status not-installed perl:amd64 <none>
2020-04-23 03:07:30 purge pkg-config:amd64 0.29-6 <none>
2020-04-23 03:07:30 status config-files pkg-config:amd64 0.29-6
2020-04-23 03:07:30 status not-installed pkg-config:amd64 <none>
2020-04-23 03:07:30 purge openssl:amd64 1.1.1d-0+deb10u3 <none>
2020-04-23 03:07:30 status config-files openssl:amd64 1.1.1d-0+deb10u3
2020-04-23 03:07:30 status not-installed openssl:amd64 <none>
2020-04-23 03:07:30 purge readline-common:all 7.0-5 <none>
2020-04-23 03:07:30 status config-files readline-common:all 7.0-5
2020-04-23 03:07:30 status not-installed readline-common:all <none>
2020-04-23 03:07:31 startup packages configure
